


Processing KiosksController#index (for 127.0.1.1 at 2008-10-07 15:10:25) [GET]
  Session ID: 5eee42c80204f1dfb4d17d240703e2d7
  Parameters: {"action"=>"index", "controller"=>"kiosks"}
  [4;36;1mSQL (0.000092)[0m   [0;1mSET SQL_AUTO_IS_NULL=0[0m
  [4;35;1mKiosk Load (0.000115)[0m   [0mSELECT * FROM `kiosks` [0m
  [4;36;1mPhone Load (0.001602)[0m   [0;1mSELECT * FROM `phones` [0m
Rendering template within layouts/kiosks
Rendering kiosks/list
  [4;35;1mKiosk Columns (0.000809)[0m   [0mSHOW FIELDS FROM `kiosks`[0m
  [4;36;1mPhone Columns (0.000866)[0m   [0;1mSHOW FIELDS FROM `phones`[0m
Completed in 0.09078 (11 reqs/sec) | Rendering: 0.01751 (19%) | DB: 0.00348 (3%) | 200 OK [http://isaac/kiosks]


Processing KiosksController#submit (for 127.0.1.1 at 2008-10-07 15:10:31) [POST]
  Session ID: BAh7BiIKZmxhc2hJQzonQWN0aW9uQ29udHJvbGxlcjo6Rmxhc2g6OkZsYXNo
SGFzaHsABjoKQHVzZWR7AA==--1be2344511a2cdbb122a4bc8a7be78dd18f2f6f7
  Parameters: {"kiosk1"=>{"11"=>"11", "12"=>"12", "15"=>"15", "16"=>"16", "1"=>"1", "2"=>"2", "3"=>"3", "10"=>"10"}, "kiosk2"=>{"1"=>"1", "2"=>"2", "19"=>"19"}, "kiosk3"=>{"2"=>"2"}, "kiosk4"=>{"13"=>"13", "1"=>"1"}, "action"=>"submit", "controller"=>"kiosks"}
  [4;35;1mKiosk Delete all (0.083140)[0m   [0mDELETE FROM `kiosks` [0m
  [4;36;1mKiosk Columns (0.000444)[0m   [0;1mSHOW FIELDS FROM `kiosks`[0m
  [4;35;1mSQL (0.000060)[0m   [0mBEGIN[0m
  [4;36;1mKiosk Create (0.010778)[0m   [0;1mINSERT INTO `kiosks` (`kiosk`, `phone_id`) VALUES(1, 11)[0m
  [4;35;1mSQL (0.000378)[0m   [0mCOMMIT[0m
  [4;36;1mSQL (0.000061)[0m   [0;1mBEGIN[0m
  [4;35;1mKiosk Create (0.000172)[0m   [0mINSERT INTO `kiosks` (`kiosk`, `phone_id`) VALUES(1, 12)[0m
  [4;36;1mSQL (0.000256)[0m   [0;1mCOMMIT[0m
  [4;35;1mSQL (0.000056)[0m   [0mBEGIN[0m
  [4;36;1mKiosk Create (0.000174)[0m   [0;1mINSERT INTO `kiosks` (`kiosk`, `phone_id`) VALUES(1, 15)[0m
  [4;35;1mSQL (0.000259)[0m   [0mCOMMIT[0m
  [4;36;1mSQL (0.000056)[0m   [0;1mBEGIN[0m
  [4;35;1mKiosk Create (0.000165)[0m   [0mINSERT INTO `kiosks` (`kiosk`, `phone_id`) VALUES(1, 16)[0m
  [4;36;1mSQL (0.000243)[0m   [0;1mCOMMIT[0m
  [4;35;1mSQL (0.000056)[0m   [0mBEGIN[0m
  [4;36;1mKiosk Create (0.000172)[0m   [0;1mINSERT INTO `kiosks` (`kiosk`, `phone_id`) VALUES(1, 1)[0m
  [4;35;1mSQL (0.000245)[0m   [0mCOMMIT[0m
  [4;36;1mSQL (0.000058)[0m   [0;1mBEGIN[0m
  [4;35;1mKiosk Create (0.000170)[0m   [0mINSERT INTO `kiosks` (`kiosk`, `phone_id`) VALUES(1, 2)[0m
  [4;36;1mSQL (0.000300)[0m   [0;1mCOMMIT[0m
  [4;35;1mSQL (0.000055)[0m   [0mBEGIN[0m
  [4;36;1mKiosk Create (0.000165)[0m   [0;1mINSERT INTO `kiosks` (`kiosk`, `phone_id`) VALUES(1, 3)[0m
  [4;35;1mSQL (0.000245)[0m   [0mCOMMIT[0m
  [4;36;1mSQL (0.000057)[0m   [0;1mBEGIN[0m
  [4;35;1mKiosk Create (0.000166)[0m   [0mINSERT INTO `kiosks` (`kiosk`, `phone_id`) VALUES(1, 10)[0m
  [4;36;1mSQL (0.000238)[0m   [0;1mCOMMIT[0m
  [4;35;1mSQL (0.000059)[0m   [0mBEGIN[0m
  [4;36;1mKiosk Create (0.000200)[0m   [0;1mINSERT INTO `kiosks` (`kiosk`, `phone_id`) VALUES(2, 1)[0m
  [4;35;1mSQL (0.000244)[0m   [0mCOMMIT[0m
  [4;36;1mSQL (0.000057)[0m   [0;1mBEGIN[0m
  [4;35;1mKiosk Create (0.000166)[0m   [0mINSERT INTO `kiosks` (`kiosk`, `phone_id`) VALUES(2, 2)[0m
  [4;36;1mSQL (0.000244)[0m   [0;1mCOMMIT[0m
  [4;35;1mSQL (0.000057)[0m   [0mBEGIN[0m
  [4;36;1mKiosk Create (0.000226)[0m   [0;1mINSERT INTO `kiosks` (`kiosk`, `phone_id`) VALUES(2, 19)[0m
  [4;35;1mSQL (0.000247)[0m   [0mCOMMIT[0m
  [4;36;1mSQL (0.000059)[0m   [0;1mBEGIN[0m
  [4;35;1mKiosk Create (0.000166)[0m   [0mINSERT INTO `kiosks` (`kiosk`, `phone_id`) VALUES(3, 2)[0m
  [4;36;1mSQL (0.000246)[0m   [0;1mCOMMIT[0m
  [4;35;1mSQL (0.000058)[0m   [0mBEGIN[0m
  [4;36;1mKiosk Create (0.000165)[0m   [0;1mINSERT INTO `kiosks` (`kiosk`, `phone_id`) VALUES(4, 13)[0m
  [4;35;1mSQL (0.000244)[0m   [0mCOMMIT[0m
  [4;36;1mSQL (0.000058)[0m   [0;1mBEGIN[0m
  [4;35;1mKiosk Create (0.000168)[0m   [0mINSERT INTO `kiosks` (`kiosk`, `phone_id`) VALUES(4, 1)[0m
  [4;36;1mSQL (0.000432)[0m   [0;1mCOMMIT[0m
Redirected to http://isaac:3000/kiosks/list
Completed in 0.12391 (8 reqs/sec) | DB: 0.10126 (81%) | 302 Found [http://isaac/kiosks/submit]


Processing KiosksController#list (for 127.0.1.1 at 2008-10-07 15:10:32) [GET]
  Session ID: BAh7BiIKZmxhc2hJQzonQWN0aW9uQ29udHJvbGxlcjo6Rmxhc2g6OkZsYXNo
SGFzaHsABjoKQHVzZWR7AA==--1be2344511a2cdbb122a4bc8a7be78dd18f2f6f7
  Parameters: {"action"=>"list", "controller"=>"kiosks"}
  [4;35;1mKiosk Load (0.000247)[0m   [0mSELECT * FROM `kiosks` [0m
  [4;36;1mPhone Load (0.001426)[0m   [0;1mSELECT * FROM `phones` [0m
Rendering template within layouts/kiosks
Rendering kiosks/list
  [4;35;1mKiosk Columns (0.000548)[0m   [0mSHOW FIELDS FROM `kiosks`[0m
  [4;36;1mPhone Columns (0.001012)[0m   [0;1mSHOW FIELDS FROM `phones`[0m
Completed in 0.08118 (12 reqs/sec) | Rendering: 0.01300 (16%) | DB: 0.00323 (3%) | 200 OK [http://isaac/kiosks/list]


Processing PhonesController#index (for 127.0.1.1 at 2008-10-10 10:27:49) [GET]
  Session ID: ec0af99661944858f7235837a77b9ca8
  Parameters: {"action"=>"index", "controller"=>"phones"}
  [4;36;1mSQL (0.042169)[0m   [0;1mSET SQL_AUTO_IS_NULL=0[0m
  [4;35;1mPhone Load (0.114727)[0m   [0mSELECT * FROM `phones` ORDER BY name ASC LIMIT 0, 10[0m
  [4;36;1mPhone Columns (0.017633)[0m   [0;1mSHOW FIELDS FROM `phones`[0m
  [4;35;1mSQL (0.000193)[0m   [0mSELECT count(*) AS count_all FROM `phones` [0m
Rendering template within layouts/phones
Rendering phones/list
  [4;36;1mFeature Columns (0.015612)[0m   [0;1mSHOW FIELDS FROM `features`[0m
  [4;35;1mSQL (0.011611)[0m   [0mSELECT count(*) AS count_all FROM `features` INNER JOIN `phones_features` ON `features`.id = `phones_features`.feature_id WHERE (`phones_features`.phone_id = 3 ) [0m
  [4;36;1mCACHE (0.000000)[0m   [0;1mSELECT count(*) AS count_all FROM `features` INNER JOIN `phones_features` ON `features`.id = `phones_features`.feature_id WHERE (`phones_features`.phone_id = 3 ) [0m
  [4;35;1mAccessory Columns (0.005290)[0m   [0mSHOW FIELDS FROM `accessories`[0m
  [4;36;1mSQL (0.001080)[0m   [0;1mSELECT count(*) AS count_all FROM `accessories` INNER JOIN `phones_accessories` ON `accessories`.id = `phones_accessories`.accessory_id WHERE (`phones_accessories`.phone_id = 3 ) [0m
  [4;35;1mCACHE (0.000000)[0m   [0mSELECT count(*) AS count_all FROM `accessories` INNER JOIN `phones_accessories` ON `accessories`.id = `phones_accessories`.accessory_id WHERE (`phones_accessories`.phone_id = 3 ) [0m
  [4;36;1mJoin Table Columns (0.000352)[0m   [0;1mSHOW FIELDS FROM `phones_accessories`[0m
  [4;35;1mAccessory Load (0.021703)[0m   [0mSELECT * FROM `accessories` INNER JOIN `phones_accessories` ON `accessories`.id = `phones_accessories`.accessory_id WHERE (`phones_accessories`.phone_id = 3 ) [0m
  [4;36;1mSQL (0.000367)[0m   [0;1mSELECT count(*) AS count_all FROM `features` INNER JOIN `phones_features` ON `features`.id = `phones_features`.feature_id WHERE (`phones_features`.phone_id = 20 ) [0m
  [4;35;1mCACHE (0.000000)[0m   [0mSELECT count(*) AS count_all FROM `features` INNER JOIN `phones_features` ON `features`.id = `phones_features`.feature_id WHERE (`phones_features`.phone_id = 20 ) [0m
  [4;36;1mJoin Table Columns (0.000547)[0m   [0;1mSHOW FIELDS FROM `phones_features`[0m
  [4;35;1mFeature Load (0.001051)[0m   [0mSELECT * FROM `features` INNER JOIN `phones_features` ON `features`.id = `phones_features`.feature_id WHERE (`phones_features`.phone_id = 20 ) [0m
  [4;36;1mSQL (0.000389)[0m   [0;1mSELECT count(*) AS count_all FROM `accessories` INNER JOIN `phones_accessories` ON `accessories`.id = `phones_accessories`.accessory_id WHERE (`phones_accessories`.phone_id = 20 ) [0m
  [4;35;1mCACHE (0.000000)[0m   [0mSELECT count(*) AS count_all FROM `accessories` INNER JOIN `phones_accessories` ON `accessories`.id = `phones_accessories`.accessory_id WHERE (`phones_accessories`.phone_id = 20 ) [0m
  [4;36;1mJoin Table Columns (0.000561)[0m   [0;1mSHOW FIELDS FROM `phones_accessories`[0m
  [4;35;1mAccessory Load (0.001806)[0m   [0mSELECT * FROM `accessories` INNER JOIN `phones_accessories` ON `accessories`.id = `phones_accessories`.accessory_id WHERE (`phones_accessories`.phone_id = 20 ) [0m
  [4;36;1mSQL (0.000360)[0m   [0;1mSELECT count(*) AS count_all FROM `features` INNER JOIN `phones_features` ON `features`.id = `phones_features`.feature_id WHERE (`phones_features`.phone_id = 21 ) [0m
  [4;35;1mCACHE (0.000000)[0m   [0mSELECT count(*) AS count_all FROM `features` INNER JOIN `phones_features` ON `features`.id = `phones_features`.feature_id WHERE (`phones_features`.phone_id = 21 ) [0m
  [4;36;1mJoin Table Columns (0.000556)[0m   [0;1mSHOW FIELDS FROM `phones_features`[0m
  [4;35;1mFeature Load (0.000636)[0m   [0mSELECT * FROM `features` INNER JOIN `phones_features` ON `features`.id = `phones_features`.feature_id WHERE (`phones_features`.phone_id = 21 ) [0m
  [4;36;1mSQL (0.000374)[0m   [0;1mSELECT count(*) AS count_all FROM `accessories` INNER JOIN `phones_accessories` ON `accessories`.id = `phones_accessories`.accessory_id WHERE (`phones_accessories`.phone_id = 21 ) [0m
  [4;35;1mCACHE (0.000000)[0m   [0mSELECT count(*) AS count_all FROM `accessories` INNER JOIN `phones_accessories` ON `accessories`.id = `phones_accessories`.accessory_id WHERE (`phones_accessories`.phone_id = 21 ) [0m
  [4;36;1mJoin Table Columns (0.000550)[0m   [0;1mSHOW FIELDS FROM `phones_accessories`[0m
  [4;35;1mAccessory Load (0.001695)[0m   [0mSELECT * FROM `accessories` INNER JOIN `phones_accessories` ON `accessories`.id = `phones_accessories`.accessory_id WHERE (`phones_accessories`.phone_id = 21 ) [0m
  [4;36;1mSQL (0.000359)[0m   [0;1mSELECT count(*) AS count_all FROM `features` INNER JOIN `phones_features` ON `features`.id = `phones_features`.feature_id WHERE (`phones_features`.phone_id = 5 ) [0m
  [4;35;1mCACHE (0.000000)[0m   [0mSELECT count(*) AS count_all FROM `features` INNER JOIN `phones_features` ON `features`.id = `phones_features`.feature_id WHERE (`phones_features`.phone_id = 5 ) [0m
  [4;36;1mSQL (0.000425)[0m   [0;1mSELECT count(*) AS count_all FROM `accessories` INNER JOIN `phones_accessories` ON `accessories`.id = `phones_accessories`.accessory_id WHERE (`phones_accessories`.phone_id = 5 ) [0m
  [4;35;1mCACHE (0.000000)[0m   [0mSELECT count(*) AS count_all FROM `accessories` INNER JOIN `phones_accessories` ON `accessories`.id = `phones_accessories`.accessory_id WHERE (`phones_accessories`.phone_id = 5 ) [0m
  [4;36;1mJoin Table Columns (0.000533)[0m   [0;1mSHOW FIELDS FROM `phones_accessories`[0m
  [4;35;1mAccessory Load (0.002136)[0m   [0mSELECT * FROM `accessories` INNER JOIN `phones_accessories` ON `accessories`.id = `phones_accessories`.accessory_id WHERE (`phones_accessories`.phone_id = 5 ) [0m
  [4;36;1mSQL (0.000354)[0m   [0;1mSELECT count(*) AS count_all FROM `features` INNER JOIN `phones_features` ON `features`.id = `phones_features`.feature_id WHERE (`phones_features`.phone_id = 6 ) [0m
  [4;35;1mCACHE (0.000000)[0m   [0mSELECT count(*) AS count_all FROM `features` INNER JOIN `phones_features` ON `features`.id = `phones_features`.feature_id WHERE (`phones_features`.phone_id = 6 ) [0m
  [4;36;1mSQL (0.000374)[0m   [0;1mSELECT count(*) AS count_all FROM `accessories` INNER JOIN `phones_accessories` ON `accessories`.id = `phones_accessories`.accessory_id WHERE (`phones_accessories`.phone_id = 6 ) [0m
  [4;35;1mCACHE (0.000000)[0m   [0mSELECT count(*) AS count_all FROM `accessories` INNER JOIN `phones_accessories` ON `accessories`.id = `phones_accessories`.accessory_id WHERE (`phones_accessories`.phone_id = 6 ) [0m
  [4;36;1mJoin Table Columns (0.000556)[0m   [0;1mSHOW FIELDS FROM `phones_accessories`[0m
  [4;35;1mAccessory Load (0.002177)[0m   [0mSELECT * FROM `accessories` INNER JOIN `phones_accessories` ON `accessories`.id = `phones_accessories`.accessory_id WHERE (`phones_accessories`.phone_id = 6 ) [0m
  [4;36;1mSQL (0.000372)[0m   [0;1mSELECT count(*) AS count_all FROM `features` INNER JOIN `phones_features` ON `features`.id = `phones_features`.feature_id WHERE (`phones_features`.phone_id = 17 ) [0m
  [4;35;1mCACHE (0.000000)[0m   [0mSELECT count(*) AS count_all FROM `features` INNER JOIN `phones_features` ON `features`.id = `phones_features`.feature_id WHERE (`phones_features`.phone_id = 17 ) [0m
  [4;36;1mSQL (0.000438)[0m   [0;1mSELECT count(*) AS count_all FROM `accessories` INNER JOIN `phones_accessories` ON `accessories`.id = `phones_accessories`.accessory_id WHERE (`phones_accessories`.phone_id = 17 ) [0m
  [4;35;1mCACHE (0.000000)[0m   [0mSELECT count(*) AS count_all FROM `accessories` INNER JOIN `phones_accessories` ON `accessories`.id = `phones_accessories`.accessory_id WHERE (`phones_accessories`.phone_id = 17 ) [0m
  [4;36;1mJoin Table Columns (0.000563)[0m   [0;1mSHOW FIELDS FROM `phones_accessories`[0m
  [4;35;1mAccessory Load (0.002004)[0m   [0mSELECT * FROM `accessories` INNER JOIN `phones_accessories` ON `accessories`.id = `phones_accessories`.accessory_id WHERE (`phones_accessories`.phone_id = 17 ) [0m
  [4;36;1mSQL (0.000381)[0m   [0;1mSELECT count(*) AS count_all FROM `features` INNER JOIN `phones_features` ON `features`.id = `phones_features`.feature_id WHERE (`phones_features`.phone_id = 18 ) [0m
  [4;35;1mCACHE (0.000000)[0m   [0mSELECT count(*) AS count_all FROM `features` INNER JOIN `phones_features` ON `features`.id = `phones_features`.feature_id WHERE (`phones_features`.phone_id = 18 ) [0m
  [4;36;1mJoin Table Columns (0.000552)[0m   [0;1mSHOW FIELDS FROM `phones_features`[0m
  [4;35;1mFeature Load (0.000634)[0m   [0mSELECT * FROM `features` INNER JOIN `phones_features` ON `features`.id = `phones_features`.feature_id WHERE (`phones_features`.phone_id = 18 ) [0m
  [4;36;1mSQL (0.000374)[0m   [0;1mSELECT count(*) AS count_all FROM `accessories` INNER JOIN `phones_accessories` ON `accessories`.id = `phones_accessories`.accessory_id WHERE (`phones_accessories`.phone_id = 18 ) [0m
  [4;35;1mCACHE (0.000000)[0m   [0mSELECT count(*) AS count_all FROM `accessories` INNER JOIN `phones_accessories` ON `accessories`.id = `phones_accessories`.accessory_id WHERE (`phones_accessories`.phone_id = 18 ) [0m
  [4;36;1mJoin Table Columns (0.000622)[0m   [0;1mSHOW FIELDS FROM `phones_accessories`[0m
  [4;35;1mAccessory Load (0.002015)[0m   [0mSELECT * FROM `accessories` INNER JOIN `phones_accessories` ON `accessories`.id = `phones_accessories`.accessory_id WHERE (`phones_accessories`.phone_id = 18 ) [0m
  [4;36;1mSQL (0.000331)[0m   [0;1mSELECT count(*) AS count_all FROM `features` INNER JOIN `phones_features` ON `features`.id = `phones_features`.feature_id WHERE (`phones_features`.phone_id = 2 ) [0m
  [4;35;1mCACHE (0.000000)[0m   [0mSELECT count(*) AS count_all FROM `features` INNER JOIN `phones_features` ON `features`.id = `phones_features`.feature_id WHERE (`phones_features`.phone_id = 2 ) [0m
  [4;36;1mSQL (0.000367)[0m   [0;1mSELECT count(*) AS count_all FROM `accessories` INNER JOIN `phones_accessories` ON `accessories`.id = `phones_accessories`.accessory_id WHERE (`phones_accessories`.phone_id = 2 ) [0m
  [4;35;1mCACHE (0.000000)[0m   [0mSELECT count(*) AS count_all FROM `accessories` INNER JOIN `phones_accessories` ON `accessories`.id = `phones_accessories`.accessory_id WHERE (`phones_accessories`.phone_id = 2 ) [0m
  [4;36;1mJoin Table Columns (0.000527)[0m   [0;1mSHOW FIELDS FROM `phones_accessories`[0m
  [4;35;1mAccessory Load (0.002977)[0m   [0mSELECT * FROM `accessories` INNER JOIN `phones_accessories` ON `accessories`.id = `phones_accessories`.accessory_id WHERE (`phones_accessories`.phone_id = 2 ) [0m
  [4;36;1mSQL (0.000326)[0m   [0;1mSELECT count(*) AS count_all FROM `features` INNER JOIN `phones_features` ON `features`.id = `phones_features`.feature_id WHERE (`phones_features`.phone_id = 8 ) [0m
  [4;35;1mCACHE (0.000000)[0m   [0mSELECT count(*) AS count_all FROM `features` INNER JOIN `phones_features` ON `features`.id = `phones_features`.feature_id WHERE (`phones_features`.phone_id = 8 ) [0m
  [4;36;1mSQL (0.000415)[0m   [0;1mSELECT count(*) AS count_all FROM `accessories` INNER JOIN `phones_accessories` ON `accessories`.id = `phones_accessories`.accessory_id WHERE (`phones_accessories`.phone_id = 8 ) [0m
  [4;35;1mCACHE (0.000000)[0m   [0mSELECT count(*) AS count_all FROM `accessories` INNER JOIN `phones_accessories` ON `accessories`.id = `phones_accessories`.accessory_id WHERE (`phones_accessories`.phone_id = 8 ) [0m
  [4;36;1mJoin Table Columns (0.000576)[0m   [0;1mSHOW FIELDS FROM `phones_accessories`[0m
  [4;35;1mAccessory Load (0.001275)[0m   [0mSELECT * FROM `accessories` INNER JOIN `phones_accessories` ON `accessories`.id = `phones_accessories`.accessory_id WHERE (`phones_accessories`.phone_id = 8 ) [0m
  [4;36;1mSQL (0.000320)[0m   [0;1mSELECT count(*) AS count_all FROM `features` INNER JOIN `phones_features` ON `features`.id = `phones_features`.feature_id WHERE (`phones_features`.phone_id = 7 ) [0m
  [4;35;1mCACHE (0.000000)[0m   [0mSELECT count(*) AS count_all FROM `features` INNER JOIN `phones_features` ON `features`.id = `phones_features`.feature_id WHERE (`phones_features`.phone_id = 7 ) [0m
  [4;36;1mSQL (0.000373)[0m   [0;1mSELECT count(*) AS count_all FROM `accessories` INNER JOIN `phones_accessories` ON `accessories`.id = `phones_accessories`.accessory_id WHERE (`phones_accessories`.phone_id = 7 ) [0m
  [4;35;1mCACHE (0.000000)[0m   [0mSELECT count(*) AS count_all FROM `accessories` INNER JOIN `phones_accessories` ON `accessories`.id = `phones_accessories`.accessory_id WHERE (`phones_accessories`.phone_id = 7 ) [0m
  [4;36;1mJoin Table Columns (0.000519)[0m   [0;1mSHOW FIELDS FROM `phones_accessories`[0m
  [4;35;1mAccessory Load (0.001872)[0m   [0mSELECT * FROM `accessories` INNER JOIN `phones_accessories` ON `accessories`.id = `phones_accessories`.accessory_id WHERE (`phones_accessories`.phone_id = 7 ) [0m
Completed in 0.53594 (1 reqs/sec) | Rendering: 0.27872 (52%) | DB: 0.26401 (49%) | 200 OK [http://isaac/]


Processing PhonesController#thumbnail (for 127.0.1.1 at 2008-10-10 10:27:51) [GET]
  Session ID: BAh7BiIKZmxhc2hJQzonQWN0aW9uQ29udHJvbGxlcjo6Rmxhc2g6OkZsYXNo
SGFzaHsABjoKQHVzZWR7AA==--1be2344511a2cdbb122a4bc8a7be78dd18f2f6f7
  Parameters: {"action"=>"thumbnail", "id"=>"3", "controller"=>"phones"}
  [4;36;1mPhone Columns (0.001041)[0m   [0;1mSHOW FIELDS FROM `phones`[0m
  [4;35;1mPhone Load (0.010701)[0m   [0mSELECT * FROM `phones` WHERE (`phones`.`id` = 3) [0m
Sending data blackberry-pearl.jpg
Completed in 0.17726 (5 reqs/sec) | Rendering: 0.00059 (0%) | DB: 0.01174 (6%) | 200 OK [http://isaac/phones/thumbnail/3]


Processing PhonesController#thumbnail (for 127.0.1.1 at 2008-10-10 10:27:51) [GET]
  Session ID: BAh7BiIKZmxhc2hJQzonQWN0aW9uQ29udHJvbGxlcjo6Rmxhc2g6OkZsYXNo
SGFzaHsABjoKQHVzZWR7AA==--1be2344511a2cdbb122a4bc8a7be78dd18f2f6f7
  Parameters: {"action"=>"thumbnail", "id"=>"2", "controller"=>"phones"}
  [4;36;1mPhone Columns (0.001044)[0m   [0;1mSHOW FIELDS FROM `phones`[0m
  [4;35;1mPhone Load (0.000584)[0m   [0mSELECT * FROM `phones` WHERE (`phones`.`id` = 2) [0m
Sending data TU550 CLOSED_350_l.jpg
Completed in 0.03425 (29 reqs/sec) | Rendering: 0.00072 (2%) | DB: 0.00163 (4%) | 200 OK [http://isaac/phones/thumbnail/2]


Processing PhonesController#thumbnail (for 127.0.1.1 at 2008-10-10 10:27:51) [GET]
  Session ID: BAh7BiIKZmxhc2hJQzonQWN0aW9uQ29udHJvbGxlcjo6Rmxhc2g6OkZsYXNo
SGFzaHsABjoKQHVzZWR7AA==--1be2344511a2cdbb122a4bc8a7be78dd18f2f6f7
  Parameters: {"action"=>"thumbnail", "id"=>"21", "controller"=>"phones"}
  [4;36;1mPhone Columns (0.001084)[0m   [0;1mSHOW FIELDS FROM `phones`[0m
  [4;35;1mPhone Load (0.000372)[0m   [0mSELECT * FROM `phones` WHERE (`phones`.`id` = 21) [0m
Sending data htc_touchdual.gif
Completed in 0.03158 (31 reqs/sec) | Rendering: 0.00057 (1%) | DB: 0.00146 (4%) | 200 OK [http://isaac/phones/thumbnail/21]


Processing PhonesController#thumbnail (for 127.0.1.1 at 2008-10-10 10:27:51) [GET]
  Session ID: BAh7BiIKZmxhc2hJQzonQWN0aW9uQ29udHJvbGxlcjo6Rmxhc2g6OkZsYXNo
SGFzaHsABjoKQHVzZWR7AA==--1be2344511a2cdbb122a4bc8a7be78dd18f2f6f7
  Parameters: {"action"=>"thumbnail", "id"=>"5", "controller"=>"phones"}
  [4;36;1mPhone Columns (0.001092)[0m   [0;1mSHOW FIELDS FROM `phones`[0m
  [4;35;1mPhone Load (0.000443)[0m   [0mSELECT * FROM `phones` WHERE (`phones`.`id` = 5) [0m
Sending data imate-8502.jpg
Completed in 0.02656 (37 reqs/sec) | Rendering: 0.00055 (2%) | DB: 0.00153 (5%) | 200 OK [http://isaac/phones/thumbnail/5]


Processing PhonesController#thumbnail (for 127.0.1.1 at 2008-10-10 10:27:51) [GET]
  Session ID: BAh7BiIKZmxhc2hJQzonQWN0aW9uQ29udHJvbGxlcjo6Rmxhc2g6OkZsYXNo
SGFzaHsABjoKQHVzZWR7AA==--1be2344511a2cdbb122a4bc8a7be78dd18f2f6f7
  Parameters: {"action"=>"thumbnail", "id"=>"6", "controller"=>"phones"}
  [4;36;1mPhone Columns (0.001078)[0m   [0;1mSHOW FIELDS FROM `phones`[0m
  [4;35;1mPhone Load (0.000522)[0m   [0mSELECT * FROM `phones` WHERE (`phones`.`id` = 6) [0m
Sending data i-Mate 9502.jpg
Completed in 0.03058 (32 reqs/sec) | Rendering: 0.00064 (2%) | DB: 0.00160 (5%) | 200 OK [http://isaac/phones/thumbnail/6]


Processing PhonesController#thumbnail (for 127.0.1.1 at 2008-10-10 10:27:51) [GET]
  Session ID: BAh7BiIKZmxhc2hJQzonQWN0aW9uQ29udHJvbGxlcjo6Rmxhc2g6OkZsYXNo
SGFzaHsABjoKQHVzZWR7AA==--1be2344511a2cdbb122a4bc8a7be78dd18f2f6f7
  Parameters: {"action"=>"thumbnail", "id"=>"17", "controller"=>"phones"}
  [4;36;1mPhone Columns (0.001050)[0m   [0;1mSHOW FIELDS FROM `phones`[0m
  [4;35;1mPhone Load (0.000451)[0m   [0mSELECT * FROM `phones` WHERE (`phones`.`id` = 17) [0m
Sending data lg_kf390.gif
Completed in 0.03142 (31 reqs/sec) | Rendering: 0.00054 (1%) | DB: 0.00150 (4%) | 200 OK [http://isaac/phones/thumbnail/17]


Processing PhonesController#thumbnail (for 127.0.1.1 at 2008-10-10 10:27:51) [GET]
  Session ID: BAh7BiIKZmxhc2hJQzonQWN0aW9uQ29udHJvbGxlcjo6Rmxhc2g6OkZsYXNo
SGFzaHsABjoKQHVzZWR7AA==--1be2344511a2cdbb122a4bc8a7be78dd18f2f6f7
  Parameters: {"action"=>"thumbnail", "id"=>"18", "controller"=>"phones"}
  [4;36;1mPhone Columns (0.001028)[0m   [0;1mSHOW FIELDS FROM `phones`[0m
  [4;35;1mPhone Load (0.000383)[0m   [0mSELECT * FROM `phones` WHERE (`phones`.`id` = 18) [0m
Sending data lg_kf700q.gif
Completed in 0.02322 (43 reqs/sec) | Rendering: 0.00058 (2%) | DB: 0.00141 (6%) | 200 OK [http://isaac/phones/thumbnail/18]


Processing PhonesController#thumbnail (for 127.0.1.1 at 2008-10-10 10:27:51) [GET]
  Session ID: BAh7BiIKZmxhc2hJQzonQWN0aW9uQ29udHJvbGxlcjo6Rmxhc2g6OkZsYXNo
SGFzaHsABjoKQHVzZWR7AA==--1be2344511a2cdbb122a4bc8a7be78dd18f2f6f7
  Parameters: {"action"=>"thumbnail", "id"=>"20", "controller"=>"phones"}
  [4;36;1mPhone Columns (0.001149)[0m   [0;1mSHOW FIELDS FROM `phones`[0m
  [4;35;1mPhone Load (0.000407)[0m   [0mSELECT * FROM `phones` WHERE (`phones`.`id` = 20) [0m
Sending data htc_diamond.gif
Completed in 0.02625 (38 reqs/sec) | Rendering: 0.00058 (2%) | DB: 0.00156 (5%) | 200 OK [http://isaac/phones/thumbnail/20]


Processing PhonesController#thumbnail (for 127.0.1.1 at 2008-10-10 10:27:51) [GET]
  Session ID: BAh7BiIKZmxhc2hJQzonQWN0aW9uQ29udHJvbGxlcjo6Rmxhc2g6OkZsYXNo
SGFzaHsABjoKQHVzZWR7AA==--1be2344511a2cdbb122a4bc8a7be78dd18f2f6f7
  Parameters: {"action"=>"thumbnail", "id"=>"8", "controller"=>"phones"}
  [4;36;1mPhone Columns (0.001060)[0m   [0;1mSHOW FIELDS FROM `phones`[0m
  [4;35;1mPhone Load (0.000427)[0m   [0mSELECT * FROM `phones` WHERE (`phones`.`id` = 8) [0m
Sending data Motorola V9.jpg
Completed in 0.02830 (35 reqs/sec) | Rendering: 0.00055 (1%) | DB: 0.00149 (5%) | 200 OK [http://isaac/phones/thumbnail/8]


Processing PhonesController#thumbnail (for 127.0.1.1 at 2008-10-10 10:27:51) [GET]
  Session ID: BAh7BiIKZmxhc2hJQzonQWN0aW9uQ29udHJvbGxlcjo6Rmxhc2g6OkZsYXNo
SGFzaHsABjoKQHVzZWR7AA==--1be2344511a2cdbb122a4bc8a7be78dd18f2f6f7
  Parameters: {"action"=>"thumbnail", "id"=>"7", "controller"=>"phones"}
  [4;36;1mPhone Columns (0.001021)[0m   [0;1mSHOW FIELDS FROM `phones`[0m
  [4;35;1mPhone Load (0.000795)[0m   [0mSELECT * FROM `phones` WHERE (`phones`.`id` = 7) [0m
Sending data Nokia 6120 Classic.jpg
Completed in 0.03449 (28 reqs/sec) | Rendering: 0.00056 (1%) | DB: 0.00182 (5%) | 200 OK [http://isaac/phones/thumbnail/7]


Processing PlansController#index (for 127.0.1.1 at 2008-10-10 10:27:55) [GET]
  Session ID: BAh7BiIKZmxhc2hJQzonQWN0aW9uQ29udHJvbGxlcjo6Rmxhc2g6OkZsYXNo
SGFzaHsABjoKQHVzZWR7AA==--1be2344511a2cdbb122a4bc8a7be78dd18f2f6f7
  Parameters: {"action"=>"index", "controller"=>"plans"}
  [4;36;1mPlan Load (0.023093)[0m   [0;1mSELECT * FROM `plans` WHERE (plan_group IS NULL) ORDER BY name ASC LIMIT 0, 10[0m
Rendering template within layouts/plans
Rendering plans/list
Completed in 0.08645 (11 reqs/sec) | Rendering: 0.03935 (45%) | DB: 0.02309 (26%) | 200 OK [http://isaac/plans]


Processing PlanGroupsController#list (for 127.0.1.1 at 2008-10-10 10:27:56) [GET]
  Session ID: BAh7BiIKZmxhc2hJQzonQWN0aW9uQ29udHJvbGxlcjo6Rmxhc2g6OkZsYXNo
SGFzaHsABjoKQHVzZWR7AA==--1be2344511a2cdbb122a4bc8a7be78dd18f2f6f7
  Parameters: {"action"=>"list", "controller"=>"plan_groups"}
  [4;35;1mPlanGroup Load (0.015331)[0m   [0mSELECT * FROM `plan_groups` ORDER BY name ASC LIMIT 0, 10[0m
Rendering template within layouts/plans
Rendering plan_groups/list
  [4;36;1mPlanGroup Columns (0.000670)[0m   [0;1mSHOW FIELDS FROM `plan_groups`[0m
  [4;35;1mPlan Columns (0.000857)[0m   [0mSHOW FIELDS FROM `plans`[0m
  [4;36;1mSQL (0.000287)[0m   [0;1mSELECT count(*) AS count_all FROM `plans` WHERE (`plans`.plan_group = 3) [0m
  [4;35;1mCACHE (0.000000)[0m   [0mSELECT count(*) AS count_all FROM `plans` WHERE (`plans`.plan_group = 3) [0m
  [4;36;1mPlan Load (0.000290)[0m   [0;1mSELECT * FROM `plans` WHERE (`plans`.plan_group = 3) [0m
Completed in 0.05447 (18 reqs/sec) | Rendering: 0.02997 (55%) | DB: 0.01743 (32%) | 200 OK [http://isaac/plan_groups/list]


Processing PlansController#list (for 127.0.1.1 at 2008-10-10 10:27:59) [GET]
  Session ID: BAh7BiIKZmxhc2hJQzonQWN0aW9uQ29udHJvbGxlcjo6Rmxhc2g6OkZsYXNo
SGFzaHsABjoKQHVzZWR7AA==--1be2344511a2cdbb122a4bc8a7be78dd18f2f6f7
  Parameters: {"action"=>"list", "controller"=>"plans"}
  [4;35;1mPlan Load (0.000200)[0m   [0mSELECT * FROM `plans` WHERE (plan_group IS NULL) ORDER BY name ASC LIMIT 0, 10[0m
Rendering template within layouts/plans
Rendering plans/list
Completed in 0.01251 (79 reqs/sec) | Rendering: 0.00348 (27%) | DB: 0.00020 (1%) | 200 OK [http://isaac/plans/list]


Processing PlanGroupsController#list (for 127.0.1.1 at 2008-10-10 10:28:00) [GET]
  Session ID: BAh7BiIKZmxhc2hJQzonQWN0aW9uQ29udHJvbGxlcjo6Rmxhc2g6OkZsYXNo
SGFzaHsABjoKQHVzZWR7AA==--1be2344511a2cdbb122a4bc8a7be78dd18f2f6f7
  Parameters: {"action"=>"list", "controller"=>"plan_groups"}
  [4;36;1mPlanGroup Load (0.000113)[0m   [0;1mSELECT * FROM `plan_groups` ORDER BY name ASC LIMIT 0, 10[0m
Rendering template within layouts/plans
Rendering plan_groups/list
  [4;35;1mPlanGroup Columns (0.000688)[0m   [0mSHOW FIELDS FROM `plan_groups`[0m
  [4;36;1mPlan Columns (0.000840)[0m   [0;1mSHOW FIELDS FROM `plans`[0m
  [4;35;1mSQL (0.000088)[0m   [0mSELECT count(*) AS count_all FROM `plans` WHERE (`plans`.plan_group = 3) [0m
  [4;36;1mCACHE (0.000000)[0m   [0;1mSELECT count(*) AS count_all FROM `plans` WHERE (`plans`.plan_group = 3) [0m
  [4;35;1mPlan Load (0.000096)[0m   [0mSELECT * FROM `plans` WHERE (`plans`.plan_group = 3) [0m
Completed in 0.02537 (39 reqs/sec) | Rendering: 0.01676 (66%) | DB: 0.00182 (7%) | 200 OK [http://isaac/plan_groups/list]


Processing PlanGroupsController#edit (for 127.0.1.1 at 2008-10-10 10:28:04) [GET]
  Session ID: BAh7BiIKZmxhc2hJQzonQWN0aW9uQ29udHJvbGxlcjo6Rmxhc2g6OkZsYXNo
SGFzaHsABjoKQHVzZWR7AA==--1be2344511a2cdbb122a4bc8a7be78dd18f2f6f7
  Parameters: {"action"=>"edit", "id"=>"3", "controller"=>"plan_groups"}
  [4;36;1mPlanGroup Columns (0.001017)[0m   [0;1mSHOW FIELDS FROM `plan_groups`[0m
  [4;35;1mPlanGroup Load (0.000255)[0m   [0mSELECT * FROM `plan_groups` WHERE (`plan_groups`.`id` = 3) [0m
  [4;36;1mPlan Load (0.000287)[0m   [0;1mSELECT * FROM `plans` [0m
Rendering template within layouts/plans
Rendering plan_groups/edit
  [4;35;1mPlan Columns (0.000734)[0m   [0mSHOW FIELDS FROM `plans`[0m
  [4;36;1mPlan Exists (0.000226)[0m   [0;1mSELECT `plans`.id FROM `plans` WHERE (`plans`.`id` = 8) AND (`plans`.plan_group = 3) LIMIT 1[0m
Rendered plan_groups/_form (0.00676)
Completed in 0.04762 (20 reqs/sec) | Rendering: 0.03208 (67%) | DB: 0.00252 (5%) | 200 OK [http://isaac/plan_groups/edit/3]


Processing ApplicationController#index (for 127.0.1.1 at 2008-10-10 10:28:05) [GET]
  Session ID: BAh7BiIKZmxhc2hJQzonQWN0aW9uQ29udHJvbGxlcjo6Rmxhc2g6OkZsYXNo
SGFzaHsABjoKQHVzZWR7AA==--1be2344511a2cdbb122a4bc8a7be78dd18f2f6f7
  Parameters: {}


ActionController::RoutingError (No route matches "/images/undo" with {:method=>:get}):
    /usr/lib/ruby/gems/1.8/gems/actionpack-2.1.1/lib/action_controller/routing/recognition_optimisation.rb:67:in `recognize_path'
    /usr/lib/ruby/gems/1.8/gems/actionpack-2.1.1/lib/action_controller/routing/route_set.rb:384:in `recognize'
    /usr/lib/ruby/gems/1.8/gems/actionpack-2.1.1/lib/action_controller/dispatcher.rb:148:in `handle_request'
    /usr/lib/ruby/gems/1.8/gems/actionpack-2.1.1/lib/action_controller/dispatcher.rb:107:in `dispatch'
    /usr/lib/ruby/gems/1.8/gems/actionpack-2.1.1/lib/action_controller/dispatcher.rb:104:in `synchronize'
    /usr/lib/ruby/gems/1.8/gems/actionpack-2.1.1/lib/action_controller/dispatcher.rb:104:in `dispatch'
    /usr/lib/ruby/gems/1.8/gems/actionpack-2.1.1/lib/action_controller/dispatcher.rb:120:in `dispatch_cgi'
    /usr/lib/ruby/gems/1.8/gems/actionpack-2.1.1/lib/action_controller/dispatcher.rb:35:in `dispatch'
    /usr/lib/ruby/gems/1.8/gems/mongrel-1.1.5/bin/../lib/mongrel/rails.rb:76:in `process'
    /usr/lib/ruby/gems/1.8/gems/mongrel-1.1.5/bin/../lib/mongrel/rails.rb:74:in `synchronize'
    /usr/lib/ruby/gems/1.8/gems/mongrel-1.1.5/bin/../lib/mongrel/rails.rb:74:in `process'
    /usr/lib/ruby/gems/1.8/gems/mongrel-1.1.5/lib/mongrel.rb:159:in `process_client'
    /usr/lib/ruby/gems/1.8/gems/mongrel-1.1.5/lib/mongrel.rb:158:in `each'
    /usr/lib/ruby/gems/1.8/gems/mongrel-1.1.5/lib/mongrel.rb:158:in `process_client'
    /usr/lib/ruby/gems/1.8/gems/mongrel-1.1.5/lib/mongrel.rb:285:in `run'
    /usr/lib/ruby/gems/1.8/gems/mongrel-1.1.5/lib/mongrel.rb:285:in `initialize'
    /usr/lib/ruby/gems/1.8/gems/mongrel-1.1.5/lib/mongrel.rb:285:in `new'
    /usr/lib/ruby/gems/1.8/gems/mongrel-1.1.5/lib/mongrel.rb:285:in `run'
    /usr/lib/ruby/gems/1.8/gems/mongrel-1.1.5/lib/mongrel.rb:268:in `initialize'
    /usr/lib/ruby/gems/1.8/gems/mongrel-1.1.5/lib/mongrel.rb:268:in `new'
    /usr/lib/ruby/gems/1.8/gems/mongrel-1.1.5/lib/mongrel.rb:268:in `run'
    /usr/lib/ruby/gems/1.8/gems/mongrel-1.1.5/lib/mongrel/configurator.rb:282:in `run'
    /usr/lib/ruby/gems/1.8/gems/mongrel-1.1.5/lib/mongrel/configurator.rb:281:in `each'
    /usr/lib/ruby/gems/1.8/gems/mongrel-1.1.5/lib/mongrel/configurator.rb:281:in `run'
    /usr/lib/ruby/gems/1.8/gems/mongrel-1.1.5/bin/mongrel_rails:128:in `run'
    /usr/lib/ruby/gems/1.8/gems/mongrel-1.1.5/lib/mongrel/command.rb:212:in `run'
    /usr/lib/ruby/gems/1.8/gems/mongrel-1.1.5/bin/mongrel_rails:281
    /usr/lib/ruby/gems/1.8/gems/activesupport-2.1.1/lib/active_support/dependencies.rb:503:in `load'
    /usr/lib/ruby/gems/1.8/gems/activesupport-2.1.1/lib/active_support/dependencies.rb:503:in `load'
    /usr/lib/ruby/gems/1.8/gems/activesupport-2.1.1/lib/active_support/dependencies.rb:355:in `new_constants_in'
    /usr/lib/ruby/gems/1.8/gems/activesupport-2.1.1/lib/active_support/dependencies.rb:503:in `load'
    /usr/lib/ruby/gems/1.8/gems/rails-2.1.1/lib/commands/servers/mongrel.rb:64
    /usr/local/lib/site_ruby/1.8/rubygems/custom_require.rb:27:in `gem_original_require'
    /usr/local/lib/site_ruby/1.8/rubygems/custom_require.rb:27:in `require'
    /usr/lib/ruby/gems/1.8/gems/activesupport-2.1.1/lib/active_support/dependencies.rb:510:in `require'
    /usr/lib/ruby/gems/1.8/gems/activesupport-2.1.1/lib/active_support/dependencies.rb:355:in `new_constants_in'
    /usr/lib/ruby/gems/1.8/gems/activesupport-2.1.1/lib/active_support/dependencies.rb:510:in `require'
    /usr/lib/ruby/gems/1.8/gems/rails-2.1.1/lib/commands/server.rb:39
    /usr/local/lib/site_ruby/1.8/rubygems/custom_require.rb:27:in `gem_original_require'
    /usr/local/lib/site_ruby/1.8/rubygems/custom_require.rb:27:in `require'
    script/server:3

Rendering /usr/lib/ruby/gems/1.8/gems/actionpack-2.1.1/lib/action_controller/templates/rescues/layout.erb (not_found)


Processing PlanGroupsController#list (for 127.0.1.1 at 2008-10-10 10:28:06) [GET]
  Session ID: BAh7BiIKZmxhc2hJQzonQWN0aW9uQ29udHJvbGxlcjo6Rmxhc2g6OkZsYXNo
SGFzaHsABjoKQHVzZWR7AA==--1be2344511a2cdbb122a4bc8a7be78dd18f2f6f7
  Parameters: {"action"=>"list", "controller"=>"plan_groups"}
  [4;35;1mPlanGroup Load (0.000110)[0m   [0mSELECT * FROM `plan_groups` ORDER BY name ASC LIMIT 0, 10[0m
Rendering template within layouts/plans
Rendering plan_groups/list
  [4;36;1mPlanGroup Columns (0.000702)[0m   [0;1mSHOW FIELDS FROM `plan_groups`[0m
  [4;35;1mPlan Columns (0.000845)[0m   [0mSHOW FIELDS FROM `plans`[0m
  [4;36;1mSQL (0.000088)[0m   [0;1mSELECT count(*) AS count_all FROM `plans` WHERE (`plans`.plan_group = 3) [0m
  [4;35;1mCACHE (0.000000)[0m   [0mSELECT count(*) AS count_all FROM `plans` WHERE (`plans`.plan_group = 3) [0m
  [4;36;1mPlan Load (0.000100)[0m   [0;1mSELECT * FROM `plans` WHERE (`plans`.plan_group = 3) [0m
Completed in 0.02497 (40 reqs/sec) | Rendering: 0.01656 (66%) | DB: 0.00184 (7%) | 200 OK [http://isaac/plan_groups/list]


Processing PlanGroupsController#show (for 127.0.1.1 at 2008-10-10 10:28:08) [GET]
  Session ID: BAh7BiIKZmxhc2hJQzonQWN0aW9uQ29udHJvbGxlcjo6Rmxhc2g6OkZsYXNo
SGFzaHsABjoKQHVzZWR7AA==--1be2344511a2cdbb122a4bc8a7be78dd18f2f6f7
  Parameters: {"action"=>"show", "id"=>"3", "controller"=>"plan_groups"}
  [4;35;1mPlanGroup Columns (0.000732)[0m   [0mSHOW FIELDS FROM `plan_groups`[0m
  [4;36;1mPlanGroup Load (0.000099)[0m   [0;1mSELECT * FROM `plan_groups` WHERE (`plan_groups`.`id` = 3) [0m
Rendering template within layouts/plans
Rendering plan_groups/show
  [4;35;1mPlan Load (0.000110)[0m   [0mSELECT * FROM `plans` WHERE (`plans`.plan_group = 3) [0m
  [4;36;1mPlan Columns (0.000843)[0m   [0;1mSHOW FIELDS FROM `plans`[0m
  [4;35;1mPhone Columns (0.001010)[0m   [0mSHOW FIELDS FROM `phones`[0m
  [4;36;1mSQL (0.009857)[0m   [0;1mSELECT count(*) AS count_all FROM `phones` INNER JOIN `phones_plans` ON `phones`.id = `phones_plans`.phone_id WHERE (`phones_plans`.plan_id = 8 ) [0m
  [4;35;1mCACHE (0.000000)[0m   [0mSELECT count(*) AS count_all FROM `phones` INNER JOIN `phones_plans` ON `phones`.id = `phones_plans`.phone_id WHERE (`phones_plans`.plan_id = 8 ) [0m
  [4;36;1mJoin Table Columns (0.000545)[0m   [0;1mSHOW FIELDS FROM `phones_plans`[0m
  [4;35;1mPhone Load (0.000534)[0m   [0mSELECT * FROM `phones` INNER JOIN `phones_plans` ON `phones`.id = `phones_plans`.phone_id WHERE (`phones_plans`.plan_id = 8 ) [0m
Completed in 0.05325 (18 reqs/sec) | Rendering: 0.03242 (60%) | DB: 0.01373 (25%) | 200 OK [http://isaac/plan_groups/show/3]


Processing PlansController#show (for 127.0.1.1 at 2008-10-10 10:28:10) [GET]
  Session ID: BAh7BiIKZmxhc2hJQzonQWN0aW9uQ29udHJvbGxlcjo6Rmxhc2g6OkZsYXNo
SGFzaHsABjoKQHVzZWR7AA==--1be2344511a2cdbb122a4bc8a7be78dd18f2f6f7
  Parameters: {"action"=>"show", "id"=>"8", "controller"=>"plans"}
  [4;36;1mPlan Columns (0.000906)[0m   [0;1mSHOW FIELDS FROM `plans`[0m
  [4;35;1mPlan Load (0.000372)[0m   [0mSELECT * FROM `plans` WHERE (`plans`.`id` = 8) [0m
Rendering template within layouts/plans
Rendering plans/show
  [4;36;1mJoin Table Columns (0.000595)[0m   [0;1mSHOW FIELDS FROM `phones_plans`[0m
  [4;35;1mPhone Load (0.000177)[0m   [0mSELECT * FROM `phones` INNER JOIN `phones_plans` ON `phones`.id = `phones_plans`.phone_id WHERE (`phones_plans`.plan_id = 8 ) [0m
  [4;36;1mPhone Columns (0.000986)[0m   [0;1mSHOW FIELDS FROM `phones`[0m
  [4;35;1mJoin Table Columns (0.011156)[0m   [0mSHOW FIELDS FROM `charges_plans`[0m
  [4;36;1mCharge Load (0.001092)[0m   [0;1mSELECT * FROM `charges` INNER JOIN `charges_plans` ON `charges`.id = `charges_plans`.charge_id WHERE (`charges_plans`.plan_id = 8 ) [0m
  [4;35;1mCharge Columns (0.000585)[0m   [0mSHOW FIELDS FROM `charges`[0m
Completed in 0.11409 (8 reqs/sec) | Rendering: 0.08771 (76%) | DB: 0.01587 (13%) | 200 OK [http://isaac/plans/show/8]


Processing PlansController#edit (for 127.0.1.1 at 2008-10-10 10:28:12) [GET]
  Session ID: BAh7BiIKZmxhc2hJQzonQWN0aW9uQ29udHJvbGxlcjo6Rmxhc2g6OkZsYXNo
SGFzaHsABjoKQHVzZWR7AA==--1be2344511a2cdbb122a4bc8a7be78dd18f2f6f7
  Parameters: {"action"=>"edit", "id"=>"8", "controller"=>"plans"}
  [4;36;1mPlan Columns (0.000922)[0m   [0;1mSHOW FIELDS FROM `plans`[0m
  [4;35;1mPlan Load (0.000105)[0m   [0mSELECT * FROM `plans` WHERE (`plans`.`id` = 8) [0m
  [4;36;1mPhone Load (0.003106)[0m   [0;1mSELECT * FROM `phones` [0m
  [4;35;1mOption Load (0.009310)[0m   [0mSELECT * FROM `options` ORDER BY name ASC[0m
  [4;36;1mOption Columns (0.000557)[0m   [0;1mSHOW FIELDS FROM `options`[0m
Rendering template within layouts/plans
Rendering plans/edit
  [4;35;1mPhone Columns (0.001039)[0m   [0mSHOW FIELDS FROM `phones`[0m
  [4;36;1mPhonesPlans Columns (0.000580)[0m   [0;1mSHOW FIELDS FROM `phones_plans`[0m
  [4;35;1mPhonesPlans Load (0.000258)[0m   [0mSELECT * FROM `phones_plans` WHERE (`phones_plans`.`plan_id` = 8 AND `phones_plans`.`phone_id` = 1) LIMIT 1[0m
  [4;36;1mPhonesPlans Load (0.000258)[0m   [0;1mSELECT * FROM `phones_plans` WHERE (`phones_plans`.`plan_id` = 8 AND `phones_plans`.`phone_id` = 2) LIMIT 1[0m
  [4;35;1mPhonesPlans Load (0.000248)[0m   [0mSELECT * FROM `phones_plans` WHERE (`phones_plans`.`plan_id` = 8 AND `phones_plans`.`phone_id` = 3) LIMIT 1[0m
  [4;36;1mPhonesPlans Load (0.000237)[0m   [0;1mSELECT * FROM `phones_plans` WHERE (`phones_plans`.`plan_id` = 8 AND `phones_plans`.`phone_id` = 4) LIMIT 1[0m
  [4;35;1mPhonesPlans Load (0.000253)[0m   [0mSELECT * FROM `phones_plans` WHERE (`phones_plans`.`plan_id` = 8 AND `phones_plans`.`phone_id` = 5) LIMIT 1[0m
  [4;36;1mPhonesPlans Load (0.000249)[0m   [0;1mSELECT * FROM `phones_plans` WHERE (`phones_plans`.`plan_id` = 8 AND `phones_plans`.`phone_id` = 6) LIMIT 1[0m
  [4;35;1mPhonesPlans Load (0.000239)[0m   [0mSELECT * FROM `phones_plans` WHERE (`phones_plans`.`plan_id` = 8 AND `phones_plans`.`phone_id` = 7) LIMIT 1[0m
  [4;36;1mPhonesPlans Load (0.000253)[0m   [0;1mSELECT * FROM `phones_plans` WHERE (`phones_plans`.`plan_id` = 8 AND `phones_plans`.`phone_id` = 8) LIMIT 1[0m
  [4;35;1mPhonesPlans Load (0.000240)[0m   [0mSELECT * FROM `phones_plans` WHERE (`phones_plans`.`plan_id` = 8 AND `phones_plans`.`phone_id` = 11) LIMIT 1[0m
  [4;36;1mPhonesPlans Load (0.000260)[0m   [0;1mSELECT * FROM `phones_plans` WHERE (`phones_plans`.`plan_id` = 8 AND `phones_plans`.`phone_id` = 9) LIMIT 1[0m
  [4;35;1mPhonesPlans Load (0.000238)[0m   [0mSELECT * FROM `phones_plans` WHERE (`phones_plans`.`plan_id` = 8 AND `phones_plans`.`phone_id` = 10) LIMIT 1[0m
  [4;36;1mPhonesPlans Load (0.000237)[0m   [0;1mSELECT * FROM `phones_plans` WHERE (`phones_plans`.`plan_id` = 8 AND `phones_plans`.`phone_id` = 12) LIMIT 1[0m
  [4;35;1mPhonesPlans Load (0.000233)[0m   [0mSELECT * FROM `phones_plans` WHERE (`phones_plans`.`plan_id` = 8 AND `phones_plans`.`phone_id` = 13) LIMIT 1[0m
  [4;36;1mPhonesPlans Load (0.000260)[0m   [0;1mSELECT * FROM `phones_plans` WHERE (`phones_plans`.`plan_id` = 8 AND `phones_plans`.`phone_id` = 14) LIMIT 1[0m
  [4;35;1mPhonesPlans Load (0.000237)[0m   [0mSELECT * FROM `phones_plans` WHERE (`phones_plans`.`plan_id` = 8 AND `phones_plans`.`phone_id` = 15) LIMIT 1[0m
  [4;36;1mPhonesPlans Load (0.000239)[0m   [0;1mSELECT * FROM `phones_plans` WHERE (`phones_plans`.`plan_id` = 8 AND `phones_plans`.`phone_id` = 16) LIMIT 1[0m
  [4;35;1mPhonesPlans Load (0.000238)[0m   [0mSELECT * FROM `phones_plans` WHERE (`phones_plans`.`plan_id` = 8 AND `phones_plans`.`phone_id` = 17) LIMIT 1[0m
  [4;36;1mPhonesPlans Load (0.000248)[0m   [0;1mSELECT * FROM `phones_plans` WHERE (`phones_plans`.`plan_id` = 8 AND `phones_plans`.`phone_id` = 18) LIMIT 1[0m
  [4;35;1mPhonesPlans Load (0.000297)[0m   [0mSELECT * FROM `phones_plans` WHERE (`phones_plans`.`plan_id` = 8 AND `phones_plans`.`phone_id` = 19) LIMIT 1[0m
  [4;36;1mPhonesPlans Load (0.000241)[0m   [0;1mSELECT * FROM `phones_plans` WHERE (`phones_plans`.`plan_id` = 8 AND `phones_plans`.`phone_id` = 20) LIMIT 1[0m
  [4;35;1mPhonesPlans Load (0.000238)[0m   [0mSELECT * FROM `phones_plans` WHERE (`phones_plans`.`plan_id` = 8 AND `phones_plans`.`phone_id` = 21) LIMIT 1[0m
  [4;36;1mJoin Table Columns (0.001003)[0m   [0;1mSHOW FIELDS FROM `plans_options`[0m
  [4;35;1mOption Load (0.000500)[0m   [0mSELECT * FROM `options` INNER JOIN `plans_options` ON `options`.id = `plans_options`.option_id WHERE (`plans_options`.plan_id = 8 ) [0m
  [4;36;1mCharge Load (0.000254)[0m   [0;1mSELECT * FROM `charges` [0m
  [4;35;1mCharge Columns (0.000612)[0m   [0mSHOW FIELDS FROM `charges`[0m
  [4;36;1mJoin Table Columns (0.000527)[0m   [0;1mSHOW FIELDS FROM `charges_plans`[0m
  [4;35;1mCharge Load (0.000091)[0m   [0mSELECT * FROM `charges` INNER JOIN `charges_plans` ON `charges`.id = `charges_plans`.charge_id WHERE (`charges_plans`.plan_id = 8 ) [0m
Rendered plans/_form (0.10474)
Completed in 0.16769 (5 reqs/sec) | Rendering: 0.11982 (71%) | DB: 0.02381 (14%) | 200 OK [http://isaac/plans/edit/8]


Processing PlanGroupsController#list (for 127.0.1.1 at 2008-10-10 10:28:15) [GET]
  Session ID: BAh7BiIKZmxhc2hJQzonQWN0aW9uQ29udHJvbGxlcjo6Rmxhc2g6OkZsYXNo
SGFzaHsABjoKQHVzZWR7AA==--1be2344511a2cdbb122a4bc8a7be78dd18f2f6f7
  Parameters: {"action"=>"list", "controller"=>"plan_groups"}
  [4;36;1mPlanGroup Load (0.000109)[0m   [0;1mSELECT * FROM `plan_groups` ORDER BY name ASC LIMIT 0, 10[0m
Rendering template within layouts/plans
Rendering plan_groups/list
  [4;35;1mPlanGroup Columns (0.000554)[0m   [0mSHOW FIELDS FROM `plan_groups`[0m
  [4;36;1mPlan Columns (0.000765)[0m   [0;1mSHOW FIELDS FROM `plans`[0m
  [4;35;1mSQL (0.000067)[0m   [0mSELECT count(*) AS count_all FROM `plans` WHERE (`plans`.plan_group = 3) [0m
  [4;36;1mCACHE (0.000000)[0m   [0;1mSELECT count(*) AS count_all FROM `plans` WHERE (`plans`.plan_group = 3) [0m
  [4;35;1mPlan Load (0.000047)[0m   [0mSELECT * FROM `plans` WHERE (`plans`.plan_group = 3) [0m
Completed in 0.02255 (44 reqs/sec) | Rendering: 0.01491 (66%) | DB: 0.00154 (6%) | 200 OK [http://isaac/plan_groups/list]


Processing PlanGroupsController#show (for 127.0.1.1 at 2008-10-10 10:28:18) [GET]
  Session ID: BAh7BiIKZmxhc2hJQzonQWN0aW9uQ29udHJvbGxlcjo6Rmxhc2g6OkZsYXNo
SGFzaHsABjoKQHVzZWR7AA==--1be2344511a2cdbb122a4bc8a7be78dd18f2f6f7
  Parameters: {"action"=>"show", "id"=>"3", "controller"=>"plan_groups"}
  [4;36;1mPlanGroup Columns (0.000698)[0m   [0;1mSHOW FIELDS FROM `plan_groups`[0m
  [4;35;1mPlanGroup Load (0.000098)[0m   [0mSELECT * FROM `plan_groups` WHERE (`plan_groups`.`id` = 3) [0m
Rendering template within layouts/plans
Rendering plan_groups/show
  [4;36;1mPlan Load (0.000116)[0m   [0;1mSELECT * FROM `plans` WHERE (`plans`.plan_group = 3) [0m
  [4;35;1mPlan Columns (0.000874)[0m   [0mSHOW FIELDS FROM `plans`[0m
  [4;36;1mPhone Columns (0.000995)[0m   [0;1mSHOW FIELDS FROM `phones`[0m
  [4;35;1mSQL (0.000095)[0m   [0mSELECT count(*) AS count_all FROM `phones` INNER JOIN `phones_plans` ON `phones`.id = `phones_plans`.phone_id WHERE (`phones_plans`.plan_id = 8 ) [0m
  [4;36;1mCACHE (0.000000)[0m   [0;1mSELECT count(*) AS count_all FROM `phones` INNER JOIN `phones_plans` ON `phones`.id = `phones_plans`.phone_id WHERE (`phones_plans`.plan_id = 8 ) [0m
  [4;35;1mJoin Table Columns (0.000567)[0m   [0mSHOW FIELDS FROM `phones_plans`[0m
  [4;36;1mPhone Load (0.000177)[0m   [0;1mSELECT * FROM `phones` INNER JOIN `phones_plans` ON `phones`.id = `phones_plans`.phone_id WHERE (`phones_plans`.plan_id = 8 ) [0m
Completed in 0.03678 (27 reqs/sec) | Rendering: 0.02613 (71%) | DB: 0.00362 (9%) | 200 OK [http://isaac/plan_groups/show/3]


Processing PlansController#show (for 127.0.1.1 at 2008-10-10 10:28:26) [GET]
  Session ID: BAh7BiIKZmxhc2hJQzonQWN0aW9uQ29udHJvbGxlcjo6Rmxhc2g6OkZsYXNo
SGFzaHsABjoKQHVzZWR7AA==--1be2344511a2cdbb122a4bc8a7be78dd18f2f6f7
  Parameters: {"action"=>"show", "id"=>"8", "controller"=>"plans"}
  [4;35;1mPlan Columns (0.000931)[0m   [0mSHOW FIELDS FROM `plans`[0m
  [4;36;1mPlan Load (0.000113)[0m   [0;1mSELECT * FROM `plans` WHERE (`plans`.`id` = 8) [0m
Rendering template within layouts/plans
Rendering plans/show
  [4;35;1mJoin Table Columns (0.000607)[0m   [0mSHOW FIELDS FROM `phones_plans`[0m
  [4;36;1mPhone Load (0.000181)[0m   [0;1mSELECT * FROM `phones` INNER JOIN `phones_plans` ON `phones`.id = `phones_plans`.phone_id WHERE (`phones_plans`.plan_id = 8 ) [0m
  [4;35;1mPhone Columns (0.000989)[0m   [0mSHOW FIELDS FROM `phones`[0m
  [4;36;1mJoin Table Columns (0.000525)[0m   [0;1mSHOW FIELDS FROM `charges_plans`[0m
  [4;35;1mCharge Load (0.000092)[0m   [0mSELECT * FROM `charges` INNER JOIN `charges_plans` ON `charges`.id = `charges_plans`.charge_id WHERE (`charges_plans`.plan_id = 8 ) [0m
  [4;36;1mCharge Columns (0.000566)[0m   [0;1mSHOW FIELDS FROM `charges`[0m
Completed in 0.03697 (27 reqs/sec) | Rendering: 0.02380 (64%) | DB: 0.00400 (10%) | 200 OK [http://isaac/plans/show/8]


Processing PlansController#edit (for 127.0.1.1 at 2008-10-10 10:28:29) [GET]
  Session ID: BAh7BiIKZmxhc2hJQzonQWN0aW9uQ29udHJvbGxlcjo6Rmxhc2g6OkZsYXNo
SGFzaHsABjoKQHVzZWR7AA==--1be2344511a2cdbb122a4bc8a7be78dd18f2f6f7
  Parameters: {"action"=>"edit", "id"=>"8", "controller"=>"plans"}
  [4;35;1mPlan Columns (0.000909)[0m   [0mSHOW FIELDS FROM `plans`[0m
  [4;36;1mPlan Load (0.000108)[0m   [0;1mSELECT * FROM `plans` WHERE (`plans`.`id` = 8) [0m
  [4;35;1mPhone Load (0.001040)[0m   [0mSELECT * FROM `phones` [0m
  [4;36;1mOption Load (0.000122)[0m   [0;1mSELECT * FROM `options` ORDER BY name ASC[0m
  [4;35;1mOption Columns (0.000569)[0m   [0mSHOW FIELDS FROM `options`[0m
Rendering template within layouts/plans
Rendering plans/edit
  [4;36;1mPhone Columns (0.001031)[0m   [0;1mSHOW FIELDS FROM `phones`[0m
  [4;35;1mPhonesPlans Columns (0.000570)[0m   [0mSHOW FIELDS FROM `phones_plans`[0m
  [4;36;1mPhonesPlans Load (0.000113)[0m   [0;1mSELECT * FROM `phones_plans` WHERE (`phones_plans`.`plan_id` = 8 AND `phones_plans`.`phone_id` = 1) LIMIT 1[0m
  [4;35;1mPhonesPlans Load (0.000112)[0m   [0mSELECT * FROM `phones_plans` WHERE (`phones_plans`.`plan_id` = 8 AND `phones_plans`.`phone_id` = 2) LIMIT 1[0m
  [4;36;1mPhonesPlans Load (0.000101)[0m   [0;1mSELECT * FROM `phones_plans` WHERE (`phones_plans`.`plan_id` = 8 AND `phones_plans`.`phone_id` = 3) LIMIT 1[0m
  [4;35;1mPhonesPlans Load (0.000099)[0m   [0mSELECT * FROM `phones_plans` WHERE (`phones_plans`.`plan_id` = 8 AND `phones_plans`.`phone_id` = 4) LIMIT 1[0m
  [4;36;1mPhonesPlans Load (0.000099)[0m   [0;1mSELECT * FROM `phones_plans` WHERE (`phones_plans`.`plan_id` = 8 AND `phones_plans`.`phone_id` = 5) LIMIT 1[0m
  [4;35;1mPhonesPlans Load (0.000098)[0m   [0mSELECT * FROM `phones_plans` WHERE (`phones_plans`.`plan_id` = 8 AND `phones_plans`.`phone_id` = 6) LIMIT 1[0m
  [4;36;1mPhonesPlans Load (0.000096)[0m   [0;1mSELECT * FROM `phones_plans` WHERE (`phones_plans`.`plan_id` = 8 AND `phones_plans`.`phone_id` = 7) LIMIT 1[0m
  [4;35;1mPhonesPlans Load (0.000096)[0m   [0mSELECT * FROM `phones_plans` WHERE (`phones_plans`.`plan_id` = 8 AND `phones_plans`.`phone_id` = 8) LIMIT 1[0m
  [4;36;1mPhonesPlans Load (0.000104)[0m   [0;1mSELECT * FROM `phones_plans` WHERE (`phones_plans`.`plan_id` = 8 AND `phones_plans`.`phone_id` = 11) LIMIT 1[0m
  [4;35;1mPhonesPlans Load (0.000096)[0m   [0mSELECT * FROM `phones_plans` WHERE (`phones_plans`.`plan_id` = 8 AND `phones_plans`.`phone_id` = 9) LIMIT 1[0m
  [4;36;1mPhonesPlans Load (0.000103)[0m   [0;1mSELECT * FROM `phones_plans` WHERE (`phones_plans`.`plan_id` = 8 AND `phones_plans`.`phone_id` = 10) LIMIT 1[0m
  [4;35;1mPhonesPlans Load (0.000100)[0m   [0mSELECT * FROM `phones_plans` WHERE (`phones_plans`.`plan_id` = 8 AND `phones_plans`.`phone_id` = 12) LIMIT 1[0m
  [4;36;1mPhonesPlans Load (0.000103)[0m   [0;1mSELECT * FROM `phones_plans` WHERE (`phones_plans`.`plan_id` = 8 AND `phones_plans`.`phone_id` = 13) LIMIT 1[0m
  [4;35;1mPhonesPlans Load (0.000106)[0m   [0mSELECT * FROM `phones_plans` WHERE (`phones_plans`.`plan_id` = 8 AND `phones_plans`.`phone_id` = 14) LIMIT 1[0m
  [4;36;1mPhonesPlans Load (0.000103)[0m   [0;1mSELECT * FROM `phones_plans` WHERE (`phones_plans`.`plan_id` = 8 AND `phones_plans`.`phone_id` = 15) LIMIT 1[0m
  [4;35;1mPhonesPlans Load (0.000099)[0m   [0mSELECT * FROM `phones_plans` WHERE (`phones_plans`.`plan_id` = 8 AND `phones_plans`.`phone_id` = 16) LIMIT 1[0m
  [4;36;1mPhonesPlans Load (0.000097)[0m   [0;1mSELECT * FROM `phones_plans` WHERE (`phones_plans`.`plan_id` = 8 AND `phones_plans`.`phone_id` = 17) LIMIT 1[0m
  [4;35;1mPhonesPlans Load (0.000096)[0m   [0mSELECT * FROM `phones_plans` WHERE (`phones_plans`.`plan_id` = 8 AND `phones_plans`.`phone_id` = 18) LIMIT 1[0m
  [4;36;1mPhonesPlans Load (0.000095)[0m   [0;1mSELECT * FROM `phones_plans` WHERE (`phones_plans`.`plan_id` = 8 AND `phones_plans`.`phone_id` = 19) LIMIT 1[0m
  [4;35;1mPhonesPlans Load (0.000097)[0m   [0mSELECT * FROM `phones_plans` WHERE (`phones_plans`.`plan_id` = 8 AND `phones_plans`.`phone_id` = 20) LIMIT 1[0m
  [4;36;1mPhonesPlans Load (0.000107)[0m   [0;1mSELECT * FROM `phones_plans` WHERE (`phones_plans`.`plan_id` = 8 AND `phones_plans`.`phone_id` = 21) LIMIT 1[0m
  [4;35;1mJoin Table Columns (0.000525)[0m   [0mSHOW FIELDS FROM `plans_options`[0m
  [4;36;1mOption Load (0.000095)[0m   [0;1mSELECT * FROM `options` INNER JOIN `plans_options` ON `options`.id = `plans_options`.option_id WHERE (`plans_options`.plan_id = 8 ) [0m
  [4;35;1mCharge Load (0.000118)[0m   [0mSELECT * FROM `charges` [0m
  [4;36;1mCharge Columns (0.000618)[0m   [0;1mSHOW FIELDS FROM `charges`[0m
  [4;35;1mJoin Table Columns (0.000525)[0m   [0mSHOW FIELDS FROM `charges_plans`[0m
  [4;36;1mCharge Load (0.000098)[0m   [0;1mSELECT * FROM `charges` INNER JOIN `charges_plans` ON `charges`.id = `charges_plans`.charge_id WHERE (`charges_plans`.plan_id = 8 ) [0m
Rendered plans/_form (0.04242)
Completed in 0.07162 (13 reqs/sec) | Rendering: 0.04146 (57%) | DB: 0.00845 (11%) | 200 OK [http://isaac/plans/edit/8]


Processing PlansController#show (for 127.0.1.1 at 2008-10-10 10:28:38) [GET]
  Session ID: BAh7BiIKZmxhc2hJQzonQWN0aW9uQ29udHJvbGxlcjo6Rmxhc2g6OkZsYXNo
SGFzaHsABjoKQHVzZWR7AA==--1be2344511a2cdbb122a4bc8a7be78dd18f2f6f7
  Parameters: {"action"=>"show", "id"=>"8", "controller"=>"plans"}
  [4;35;1mPlan Columns (0.000916)[0m   [0mSHOW FIELDS FROM `plans`[0m
  [4;36;1mPlan Load (0.000070)[0m   [0;1mSELECT * FROM `plans` WHERE (`plans`.`id` = 8) [0m
Rendering template within layouts/plans
Rendering plans/show
  [4;35;1mJoin Table Columns (0.000585)[0m   [0mSHOW FIELDS FROM `phones_plans`[0m
  [4;36;1mPhone Load (0.000152)[0m   [0;1mSELECT * FROM `phones` INNER JOIN `phones_plans` ON `phones`.id = `phones_plans`.phone_id WHERE (`phones_plans`.plan_id = 8 ) [0m
  [4;35;1mPhone Columns (0.000835)[0m   [0mSHOW FIELDS FROM `phones`[0m
  [4;36;1mJoin Table Columns (0.000521)[0m   [0;1mSHOW FIELDS FROM `charges_plans`[0m
  [4;35;1mCharge Load (0.000066)[0m   [0mSELECT * FROM `charges` INNER JOIN `charges_plans` ON `charges`.id = `charges_plans`.charge_id WHERE (`charges_plans`.plan_id = 8 ) [0m
  [4;36;1mCharge Columns (0.000439)[0m   [0;1mSHOW FIELDS FROM `charges`[0m
Completed in 0.09444 (10 reqs/sec) | Rendering: 0.02297 (24%) | DB: 0.00358 (3%) | 200 OK [http://isaac/plans/show/8]


Processing PlanGroupsController#show (for 127.0.1.1 at 2008-10-10 10:30:51) [GET]
  Session ID: BAh7BiIKZmxhc2hJQzonQWN0aW9uQ29udHJvbGxlcjo6Rmxhc2g6OkZsYXNo
SGFzaHsABjoKQHVzZWR7AA==--1be2344511a2cdbb122a4bc8a7be78dd18f2f6f7
  Parameters: {"action"=>"show", "id"=>"3", "controller"=>"plan_groups"}
  [4;36;1mSQL (0.000109)[0m   [0;1mSET SQL_AUTO_IS_NULL=0[0m
  [4;35;1mPlanGroup Columns (0.000651)[0m   [0mSHOW FIELDS FROM `plan_groups`[0m
  [4;36;1mPlanGroup Load (0.000627)[0m   [0;1mSELECT * FROM `plan_groups` WHERE (`plan_groups`.`id` = 3) [0m
Rendering template within layouts/plans
Rendering plan_groups/show
  [4;35;1mPlan Load (0.000126)[0m   [0mSELECT * FROM `plans` WHERE (`plans`.plan_group = 3) [0m
  [4;36;1mPlan Columns (0.000834)[0m   [0;1mSHOW FIELDS FROM `plans`[0m
  [4;35;1mPhone Columns (0.001054)[0m   [0mSHOW FIELDS FROM `phones`[0m
  [4;36;1mSQL (0.000069)[0m   [0;1mSELECT count(*) AS count_all FROM `phones` INNER JOIN `phones_plans` ON `phones`.id = `phones_plans`.phone_id WHERE (`phones_plans`.plan_id = 8 ) [0m
  [4;35;1mCACHE (0.000000)[0m   [0mSELECT count(*) AS count_all FROM `phones` INNER JOIN `phones_plans` ON `phones`.id = `phones_plans`.phone_id WHERE (`phones_plans`.plan_id = 8 ) [0m
  [4;36;1mJoin Table Columns (0.000553)[0m   [0;1mSHOW FIELDS FROM `phones_plans`[0m
  [4;35;1mPhone Load (0.000174)[0m   [0mSELECT * FROM `phones` INNER JOIN `phones_plans` ON `phones`.id = `phones_plans`.phone_id WHERE (`phones_plans`.plan_id = 8 ) [0m
Completed in 0.10471 (9 reqs/sec) | Rendering: 0.03414 (32%) | DB: 0.00420 (4%) | 200 OK [http://isaac/plan_groups/show/3]


Processing PlanGroupsController#show (for 127.0.1.1 at 2008-10-10 10:31:57) [GET]
  Session ID: BAh7BiIKZmxhc2hJQzonQWN0aW9uQ29udHJvbGxlcjo6Rmxhc2g6OkZsYXNo
SGFzaHsABjoKQHVzZWR7AA==--1be2344511a2cdbb122a4bc8a7be78dd18f2f6f7
  Parameters: {"action"=>"show", "id"=>"3", "controller"=>"plan_groups"}
  [4;36;1mPlanGroup Columns (0.000655)[0m   [0;1mSHOW FIELDS FROM `plan_groups`[0m
  [4;35;1mPlanGroup Load (0.001961)[0m   [0mSELECT * FROM `plan_groups` WHERE (`plan_groups`.`id` = 3) [0m
Rendering template within layouts/plans
Rendering plan_groups/show
  [4;36;1mPlan Load (0.000128)[0m   [0;1mSELECT * FROM `plans` WHERE (`plans`.plan_group = 3) [0m
  [4;35;1mPlan Columns (0.000857)[0m   [0mSHOW FIELDS FROM `plans`[0m
  [4;36;1mPhone Columns (0.001113)[0m   [0;1mSHOW FIELDS FROM `phones`[0m
  [4;35;1mSQL (0.000099)[0m   [0mSELECT count(*) AS count_all FROM `phones` INNER JOIN `phones_plans` ON `phones`.id = `phones_plans`.phone_id WHERE (`phones_plans`.plan_id = 8 ) [0m
  [4;36;1mCACHE (0.000000)[0m   [0;1mSELECT count(*) AS count_all FROM `phones` INNER JOIN `phones_plans` ON `phones`.id = `phones_plans`.phone_id WHERE (`phones_plans`.plan_id = 8 ) [0m
  [4;35;1mJoin Table Columns (0.000557)[0m   [0mSHOW FIELDS FROM `phones_plans`[0m
  [4;36;1mPhone Load (0.000214)[0m   [0;1mSELECT * FROM `phones` INNER JOIN `phones_plans` ON `phones`.id = `phones_plans`.phone_id WHERE (`phones_plans`.plan_id = 8 ) [0m
Completed in 0.04251 (23 reqs/sec) | Rendering: 0.03017 (70%) | DB: 0.00558 (13%) | 200 OK [http://isaac/plan_groups/show/3]


Processing PlanGroupsController#show (for 127.0.1.1 at 2008-10-10 10:36:14) [GET]
  Session ID: BAh7BiIKZmxhc2hJQzonQWN0aW9uQ29udHJvbGxlcjo6Rmxhc2g6OkZsYXNo
SGFzaHsABjoKQHVzZWR7AA==--1be2344511a2cdbb122a4bc8a7be78dd18f2f6f7
  Parameters: {"action"=>"show", "id"=>"3", "controller"=>"plan_groups"}
  [4;35;1mPlanGroup Columns (0.000759)[0m   [0mSHOW FIELDS FROM `plan_groups`[0m
  [4;36;1mPlanGroup Load (0.000094)[0m   [0;1mSELECT * FROM `plan_groups` WHERE (`plan_groups`.`id` = 3) [0m
Rendering template within layouts/plans
Rendering plan_groups/show
  [4;35;1mPlan Load (0.000120)[0m   [0mSELECT * FROM `plans` WHERE (`plans`.plan_group = 3) [0m
  [4;36;1mPlan Columns (0.000839)[0m   [0;1mSHOW FIELDS FROM `plans`[0m
  [4;35;1mPhone Columns (0.001010)[0m   [0mSHOW FIELDS FROM `phones`[0m
  [4;36;1mSQL (0.000094)[0m   [0;1mSELECT count(*) AS count_all FROM `phones` INNER JOIN `phones_plans` ON `phones`.id = `phones_plans`.phone_id WHERE (`phones_plans`.plan_id = 8 ) [0m
  [4;35;1mCACHE (0.000000)[0m   [0mSELECT count(*) AS count_all FROM `phones` INNER JOIN `phones_plans` ON `phones`.id = `phones_plans`.phone_id WHERE (`phones_plans`.plan_id = 8 ) [0m
  [4;36;1mJoin Table Columns (0.000571)[0m   [0;1mSHOW FIELDS FROM `phones_plans`[0m
  [4;35;1mPhone Load (0.000186)[0m   [0mSELECT * FROM `phones` INNER JOIN `phones_plans` ON `phones`.id = `phones_plans`.phone_id WHERE (`phones_plans`.plan_id = 8 ) [0m


ActionView::TemplateError (undefined method `controller_name' for #<ActionView::Base:0x7fd48a1bce78>) on line #31 of plan_groups/show.rhtml:
28: 			  <td><%=  plan.period %></td>
29: 			  <td class="centered"><%= link_to_plan_phones(plan) %></td>
30: 			  <td><%=  ((plan.discontinued?) ? "Yes" : "No") %></td>
31:                           <td><%= link_to_show(plan) %>&nbsp;<%= link_to_edit(plan) %>&nbsp;<%= link_to_delete(plan) %></td></tr>
32: 			<% end -%>
33: 			</table>
34: 		</div>

    app/helpers/application_helper.rb:85:in `link_to_show'
    app/views/plan_groups/show.rhtml:31:in `_run_erb_47app47views47plan_groups47show46rhtml'
    /usr/lib/ruby/gems/1.8/gems/activerecord-2.1.1/lib/active_record/associations/association_collection.rb:277:in `method_missing_without_paginate'
    /usr/lib/ruby/gems/1.8/gems/activerecord-2.1.1/lib/active_record/associations/association_proxy.rb:171:in `method_missing'
    /usr/lib/ruby/gems/1.8/gems/activerecord-2.1.1/lib/active_record/associations/association_proxy.rb:171:in `each'
    /usr/lib/ruby/gems/1.8/gems/activerecord-2.1.1/lib/active_record/associations/association_proxy.rb:171:in `send'
    /usr/lib/ruby/gems/1.8/gems/activerecord-2.1.1/lib/active_record/associations/association_proxy.rb:171:in `method_missing'
    /usr/lib/ruby/gems/1.8/gems/activerecord-2.1.1/lib/active_record/associations/association_collection.rb:277:in `method_missing_without_paginate'
    /usr/lib/ruby/gems/1.8/gems/mislav-will_paginate-2.3.4/lib/will_paginate/finder.rb:164:in `method_missing'
    app/views/plan_groups/show.rhtml:23:in `_run_erb_47app47views47plan_groups47show46rhtml'
    /usr/lib/ruby/gems/1.8/gems/actionpack-2.1.1/lib/action_view/base.rb:342:in `send'
    /usr/lib/ruby/gems/1.8/gems/actionpack-2.1.1/lib/action_view/base.rb:342:in `execute'
    /usr/lib/ruby/gems/1.8/gems/actionpack-2.1.1/lib/action_view/template_handlers/compilable.rb:29:in `send'
    /usr/lib/ruby/gems/1.8/gems/actionpack-2.1.1/lib/action_view/template_handlers/compilable.rb:29:in `render'
    /usr/lib/ruby/gems/1.8/gems/actionpack-2.1.1/lib/action_view/template.rb:35:in `render'
    /usr/lib/ruby/gems/1.8/gems/actionpack-2.1.1/lib/action_view/template.rb:22:in `render_template'
    /usr/lib/ruby/gems/1.8/gems/actionpack-2.1.1/lib/action_view/base.rb:248:in `render_file'
    /usr/lib/ruby/gems/1.8/gems/actionpack-2.1.1/lib/action_controller/base.rb:1112:in `render_for_file'
    /usr/lib/ruby/gems/1.8/gems/actionpack-2.1.1/lib/action_controller/base.rb:845:in `render_with_no_layout'
    /usr/lib/ruby/gems/1.8/gems/actionpack-2.1.1/lib/action_controller/layout.rb:251:in `render_without_benchmark'
    /usr/lib/ruby/gems/1.8/gems/actionpack-2.1.1/lib/action_controller/benchmarking.rb:51:in `render'
    /usr/lib/ruby/gems/1.8/gems/activesupport-2.1.1/lib/active_support/core_ext/benchmark.rb:8:in `realtime'
    /usr/lib/ruby/gems/1.8/gems/actionpack-2.1.1/lib/action_controller/benchmarking.rb:51:in `render'
    /usr/lib/ruby/gems/1.8/gems/actionpack-2.1.1/lib/action_controller/base.rb:1161:in `default_render'
    /usr/lib/ruby/gems/1.8/gems/actionpack-2.1.1/lib/action_controller/base.rb:1167:in `perform_action_without_filters'
    /usr/lib/ruby/gems/1.8/gems/actionpack-2.1.1/lib/action_controller/filters.rb:579:in `call_filters'
    /usr/lib/ruby/gems/1.8/gems/actionpack-2.1.1/lib/action_controller/filters.rb:572:in `perform_action_without_benchmark'
    /usr/lib/ruby/gems/1.8/gems/actionpack-2.1.1/lib/action_controller/benchmarking.rb:68:in `perform_action_without_rescue'
    /usr/lib/ruby/1.8/benchmark.rb:293:in `measure'
    /usr/lib/ruby/gems/1.8/gems/actionpack-2.1.1/lib/action_controller/benchmarking.rb:68:in `perform_action_without_rescue'
    /usr/lib/ruby/gems/1.8/gems/actionpack-2.1.1/lib/action_controller/rescue.rb:201:in `perform_action_without_caching'
    /usr/lib/ruby/gems/1.8/gems/actionpack-2.1.1/lib/action_controller/caching/sql_cache.rb:13:in `perform_action'
    /usr/lib/ruby/gems/1.8/gems/activerecord-2.1.1/lib/active_record/connection_adapters/abstract/query_cache.rb:33:in `cache'
    /usr/lib/ruby/gems/1.8/gems/activerecord-2.1.1/lib/active_record/query_cache.rb:8:in `cache'
    /usr/lib/ruby/gems/1.8/gems/actionpack-2.1.1/lib/action_controller/caching/sql_cache.rb:12:in `perform_action'
    /usr/lib/ruby/gems/1.8/gems/actionpack-2.1.1/lib/action_controller/base.rb:529:in `send'
    /usr/lib/ruby/gems/1.8/gems/actionpack-2.1.1/lib/action_controller/base.rb:529:in `process_without_filters'
    /usr/lib/ruby/gems/1.8/gems/actionpack-2.1.1/lib/action_controller/filters.rb:568:in `process_without_session_management_support'
    /usr/lib/ruby/gems/1.8/gems/actionpack-2.1.1/lib/action_controller/session_management.rb:130:in `process'
    /usr/lib/ruby/gems/1.8/gems/actionpack-2.1.1/lib/action_controller/base.rb:389:in `process'
    /usr/lib/ruby/gems/1.8/gems/actionpack-2.1.1/lib/action_controller/dispatcher.rb:149:in `handle_request'
    /usr/lib/ruby/gems/1.8/gems/actionpack-2.1.1/lib/action_controller/dispatcher.rb:107:in `dispatch'
    /usr/lib/ruby/gems/1.8/gems/actionpack-2.1.1/lib/action_controller/dispatcher.rb:104:in `synchronize'
    /usr/lib/ruby/gems/1.8/gems/actionpack-2.1.1/lib/action_controller/dispatcher.rb:104:in `dispatch'
    /usr/lib/ruby/gems/1.8/gems/actionpack-2.1.1/lib/action_controller/dispatcher.rb:120:in `dispatch_cgi'
    /usr/lib/ruby/gems/1.8/gems/actionpack-2.1.1/lib/action_controller/dispatcher.rb:35:in `dispatch'
    /usr/lib/ruby/gems/1.8/gems/mongrel-1.1.5/lib/mongrel/rails.rb:76:in `process'
    /usr/lib/ruby/gems/1.8/gems/mongrel-1.1.5/lib/mongrel/rails.rb:74:in `synchronize'
    /usr/lib/ruby/gems/1.8/gems/mongrel-1.1.5/lib/mongrel/rails.rb:74:in `process'
    /usr/lib/ruby/gems/1.8/gems/mongrel-1.1.5/lib/mongrel.rb:159:in `process_client'
    /usr/lib/ruby/gems/1.8/gems/mongrel-1.1.5/lib/mongrel.rb:158:in `each'
    /usr/lib/ruby/gems/1.8/gems/mongrel-1.1.5/lib/mongrel.rb:158:in `process_client'
    /usr/lib/ruby/gems/1.8/gems/mongrel-1.1.5/lib/mongrel.rb:285:in `run'
    /usr/lib/ruby/gems/1.8/gems/mongrel-1.1.5/lib/mongrel.rb:285:in `initialize'
    /usr/lib/ruby/gems/1.8/gems/mongrel-1.1.5/lib/mongrel.rb:285:in `new'
    /usr/lib/ruby/gems/1.8/gems/mongrel-1.1.5/lib/mongrel.rb:285:in `run'
    /usr/lib/ruby/gems/1.8/gems/mongrel-1.1.5/lib/mongrel.rb:268:in `initialize'
    /usr/lib/ruby/gems/1.8/gems/mongrel-1.1.5/lib/mongrel.rb:268:in `new'
    /usr/lib/ruby/gems/1.8/gems/mongrel-1.1.5/lib/mongrel.rb:268:in `run'
    /usr/lib/ruby/gems/1.8/gems/mongrel-1.1.5/lib/mongrel/configurator.rb:282:in `run'
    /usr/lib/ruby/gems/1.8/gems/mongrel-1.1.5/lib/mongrel/configurator.rb:281:in `each'
    /usr/lib/ruby/gems/1.8/gems/mongrel-1.1.5/lib/mongrel/configurator.rb:281:in `run'
    /usr/lib/ruby/gems/1.8/gems/mongrel-1.1.5/bin/mongrel_rails:128:in `run'
    /usr/lib/ruby/gems/1.8/gems/mongrel-1.1.5/lib/mongrel/command.rb:212:in `run'
    /usr/lib/ruby/gems/1.8/gems/mongrel-1.1.5/bin/mongrel_rails:281
    /usr/lib/ruby/gems/1.8/gems/activesupport-2.1.1/lib/active_support/dependencies.rb:503:in `load'
    /usr/lib/ruby/gems/1.8/gems/activesupport-2.1.1/lib/active_support/dependencies.rb:503:in `load'
    /usr/lib/ruby/gems/1.8/gems/activesupport-2.1.1/lib/active_support/dependencies.rb:355:in `new_constants_in'
    /usr/lib/ruby/gems/1.8/gems/activesupport-2.1.1/lib/active_support/dependencies.rb:503:in `load'
    /usr/lib/ruby/gems/1.8/gems/rails-2.1.1/lib/commands/servers/mongrel.rb:64
    /usr/local/lib/site_ruby/1.8/rubygems/custom_require.rb:27:in `gem_original_require'
    /usr/local/lib/site_ruby/1.8/rubygems/custom_require.rb:27:in `require'
    /usr/lib/ruby/gems/1.8/gems/activesupport-2.1.1/lib/active_support/dependencies.rb:510:in `require'
    /usr/lib/ruby/gems/1.8/gems/activesupport-2.1.1/lib/active_support/dependencies.rb:355:in `new_constants_in'
    /usr/lib/ruby/gems/1.8/gems/activesupport-2.1.1/lib/active_support/dependencies.rb:510:in `require'
    /usr/lib/ruby/gems/1.8/gems/rails-2.1.1/lib/commands/server.rb:39
    /usr/local/lib/site_ruby/1.8/rubygems/custom_require.rb:27:in `gem_original_require'
    /usr/local/lib/site_ruby/1.8/rubygems/custom_require.rb:27:in `require'
    script/server:3

Rendering /usr/lib/ruby/gems/1.8/gems/actionpack-2.1.1/lib/action_controller/templates/rescues/layout.erb (internal_server_error)


Processing PlanGroupsController#show (for 127.0.1.1 at 2008-10-10 10:36:51) [GET]
  Session ID: BAh7BiIKZmxhc2hJQzonQWN0aW9uQ29udHJvbGxlcjo6Rmxhc2g6OkZsYXNo
SGFzaHsABjoKQHVzZWR7AA==--1be2344511a2cdbb122a4bc8a7be78dd18f2f6f7
  Parameters: {"action"=>"show", "id"=>"3", "controller"=>"plan_groups"}
  [4;36;1mPlanGroup Columns (0.000663)[0m   [0;1mSHOW FIELDS FROM `plan_groups`[0m
  [4;35;1mPlanGroup Load (0.000075)[0m   [0mSELECT * FROM `plan_groups` WHERE (`plan_groups`.`id` = 3) [0m
Rendering template within layouts/plans
Rendering plan_groups/show
  [4;36;1mPlan Load (0.000853)[0m   [0;1mSELECT * FROM `plans` WHERE (`plans`.plan_group = 3) [0m
  [4;35;1mPlan Columns (0.000790)[0m   [0mSHOW FIELDS FROM `plans`[0m
  [4;36;1mPhone Columns (0.000983)[0m   [0;1mSHOW FIELDS FROM `phones`[0m
  [4;35;1mSQL (0.000060)[0m   [0mSELECT count(*) AS count_all FROM `phones` INNER JOIN `phones_plans` ON `phones`.id = `phones_plans`.phone_id WHERE (`phones_plans`.plan_id = 8 ) [0m
  [4;36;1mCACHE (0.000000)[0m   [0;1mSELECT count(*) AS count_all FROM `phones` INNER JOIN `phones_plans` ON `phones`.id = `phones_plans`.phone_id WHERE (`phones_plans`.plan_id = 8 ) [0m
  [4;35;1mJoin Table Columns (0.000422)[0m   [0mSHOW FIELDS FROM `phones_plans`[0m
  [4;36;1mPhone Load (0.000151)[0m   [0;1mSELECT * FROM `phones` INNER JOIN `phones_plans` ON `phones`.id = `phones_plans`.phone_id WHERE (`phones_plans`.plan_id = 8 ) [0m


ActionView::TemplateError (undefined local variable or method `controller_name' for #<ActionView::Base:0x7fd489ffac70>) on line #31 of plan_groups/show.rhtml:
28: 			  <td><%=  plan.period %></td>
29: 			  <td class="centered"><%= link_to_plan_phones(plan) %></td>
30: 			  <td><%=  ((plan.discontinued?) ? "Yes" : "No") %></td>
31:                           <td><%= link_to_show(plan) %>&nbsp;<%= link_to_edit(plan) %>&nbsp;<%= link_to_delete(plan) %></td></tr>
32: 			<% end -%>
33: 			</table>
34: 		</div>

    app/helpers/application_helper.rb:85:in `link_to_show'
    app/views/plan_groups/show.rhtml:31:in `_run_erb_47app47views47plan_groups47show46rhtml'
    /usr/lib/ruby/gems/1.8/gems/activerecord-2.1.1/lib/active_record/associations/association_collection.rb:277:in `method_missing_without_paginate'
    /usr/lib/ruby/gems/1.8/gems/activerecord-2.1.1/lib/active_record/associations/association_proxy.rb:171:in `method_missing'
    /usr/lib/ruby/gems/1.8/gems/activerecord-2.1.1/lib/active_record/associations/association_proxy.rb:171:in `each'
    /usr/lib/ruby/gems/1.8/gems/activerecord-2.1.1/lib/active_record/associations/association_proxy.rb:171:in `send'
    /usr/lib/ruby/gems/1.8/gems/activerecord-2.1.1/lib/active_record/associations/association_proxy.rb:171:in `method_missing'
    /usr/lib/ruby/gems/1.8/gems/activerecord-2.1.1/lib/active_record/associations/association_collection.rb:277:in `method_missing_without_paginate'
    /usr/lib/ruby/gems/1.8/gems/mislav-will_paginate-2.3.4/lib/will_paginate/finder.rb:164:in `method_missing'
    app/views/plan_groups/show.rhtml:23:in `_run_erb_47app47views47plan_groups47show46rhtml'
    /usr/lib/ruby/gems/1.8/gems/actionpack-2.1.1/lib/action_view/base.rb:342:in `send'
    /usr/lib/ruby/gems/1.8/gems/actionpack-2.1.1/lib/action_view/base.rb:342:in `execute'
    /usr/lib/ruby/gems/1.8/gems/actionpack-2.1.1/lib/action_view/template_handlers/compilable.rb:29:in `send'
    /usr/lib/ruby/gems/1.8/gems/actionpack-2.1.1/lib/action_view/template_handlers/compilable.rb:29:in `render'
    /usr/lib/ruby/gems/1.8/gems/actionpack-2.1.1/lib/action_view/template.rb:35:in `render'
    /usr/lib/ruby/gems/1.8/gems/actionpack-2.1.1/lib/action_view/template.rb:22:in `render_template'
    /usr/lib/ruby/gems/1.8/gems/actionpack-2.1.1/lib/action_view/base.rb:248:in `render_file'
    /usr/lib/ruby/gems/1.8/gems/actionpack-2.1.1/lib/action_controller/base.rb:1112:in `render_for_file'
    /usr/lib/ruby/gems/1.8/gems/actionpack-2.1.1/lib/action_controller/base.rb:845:in `render_with_no_layout'
    /usr/lib/ruby/gems/1.8/gems/actionpack-2.1.1/lib/action_controller/layout.rb:251:in `render_without_benchmark'
    /usr/lib/ruby/gems/1.8/gems/actionpack-2.1.1/lib/action_controller/benchmarking.rb:51:in `render'
    /usr/lib/ruby/gems/1.8/gems/activesupport-2.1.1/lib/active_support/core_ext/benchmark.rb:8:in `realtime'
    /usr/lib/ruby/gems/1.8/gems/actionpack-2.1.1/lib/action_controller/benchmarking.rb:51:in `render'
    /usr/lib/ruby/gems/1.8/gems/actionpack-2.1.1/lib/action_controller/base.rb:1161:in `default_render'
    /usr/lib/ruby/gems/1.8/gems/actionpack-2.1.1/lib/action_controller/base.rb:1167:in `perform_action_without_filters'
    /usr/lib/ruby/gems/1.8/gems/actionpack-2.1.1/lib/action_controller/filters.rb:579:in `call_filters'
    /usr/lib/ruby/gems/1.8/gems/actionpack-2.1.1/lib/action_controller/filters.rb:572:in `perform_action_without_benchmark'
    /usr/lib/ruby/gems/1.8/gems/actionpack-2.1.1/lib/action_controller/benchmarking.rb:68:in `perform_action_without_rescue'
    /usr/lib/ruby/1.8/benchmark.rb:293:in `measure'
    /usr/lib/ruby/gems/1.8/gems/actionpack-2.1.1/lib/action_controller/benchmarking.rb:68:in `perform_action_without_rescue'
    /usr/lib/ruby/gems/1.8/gems/actionpack-2.1.1/lib/action_controller/rescue.rb:201:in `perform_action_without_caching'
    /usr/lib/ruby/gems/1.8/gems/actionpack-2.1.1/lib/action_controller/caching/sql_cache.rb:13:in `perform_action'
    /usr/lib/ruby/gems/1.8/gems/activerecord-2.1.1/lib/active_record/connection_adapters/abstract/query_cache.rb:33:in `cache'
    /usr/lib/ruby/gems/1.8/gems/activerecord-2.1.1/lib/active_record/query_cache.rb:8:in `cache'
    /usr/lib/ruby/gems/1.8/gems/actionpack-2.1.1/lib/action_controller/caching/sql_cache.rb:12:in `perform_action'
    /usr/lib/ruby/gems/1.8/gems/actionpack-2.1.1/lib/action_controller/base.rb:529:in `send'
    /usr/lib/ruby/gems/1.8/gems/actionpack-2.1.1/lib/action_controller/base.rb:529:in `process_without_filters'
    /usr/lib/ruby/gems/1.8/gems/actionpack-2.1.1/lib/action_controller/filters.rb:568:in `process_without_session_management_support'
    /usr/lib/ruby/gems/1.8/gems/actionpack-2.1.1/lib/action_controller/session_management.rb:130:in `process'
    /usr/lib/ruby/gems/1.8/gems/actionpack-2.1.1/lib/action_controller/base.rb:389:in `process'
    /usr/lib/ruby/gems/1.8/gems/actionpack-2.1.1/lib/action_controller/dispatcher.rb:149:in `handle_request'
    /usr/lib/ruby/gems/1.8/gems/actionpack-2.1.1/lib/action_controller/dispatcher.rb:107:in `dispatch'
    /usr/lib/ruby/gems/1.8/gems/actionpack-2.1.1/lib/action_controller/dispatcher.rb:104:in `synchronize'
    /usr/lib/ruby/gems/1.8/gems/actionpack-2.1.1/lib/action_controller/dispatcher.rb:104:in `dispatch'
    /usr/lib/ruby/gems/1.8/gems/actionpack-2.1.1/lib/action_controller/dispatcher.rb:120:in `dispatch_cgi'
    /usr/lib/ruby/gems/1.8/gems/actionpack-2.1.1/lib/action_controller/dispatcher.rb:35:in `dispatch'
    /usr/lib/ruby/gems/1.8/gems/mongrel-1.1.5/lib/mongrel/rails.rb:76:in `process'
    /usr/lib/ruby/gems/1.8/gems/mongrel-1.1.5/lib/mongrel/rails.rb:74:in `synchronize'
    /usr/lib/ruby/gems/1.8/gems/mongrel-1.1.5/lib/mongrel/rails.rb:74:in `process'
    /usr/lib/ruby/gems/1.8/gems/mongrel-1.1.5/lib/mongrel.rb:159:in `process_client'
    /usr/lib/ruby/gems/1.8/gems/mongrel-1.1.5/lib/mongrel.rb:158:in `each'
    /usr/lib/ruby/gems/1.8/gems/mongrel-1.1.5/lib/mongrel.rb:158:in `process_client'
    /usr/lib/ruby/gems/1.8/gems/mongrel-1.1.5/lib/mongrel.rb:285:in `run'
    /usr/lib/ruby/gems/1.8/gems/mongrel-1.1.5/lib/mongrel.rb:285:in `initialize'
    /usr/lib/ruby/gems/1.8/gems/mongrel-1.1.5/lib/mongrel.rb:285:in `new'
    /usr/lib/ruby/gems/1.8/gems/mongrel-1.1.5/lib/mongrel.rb:285:in `run'
    /usr/lib/ruby/gems/1.8/gems/mongrel-1.1.5/lib/mongrel.rb:268:in `initialize'
    /usr/lib/ruby/gems/1.8/gems/mongrel-1.1.5/lib/mongrel.rb:268:in `new'
    /usr/lib/ruby/gems/1.8/gems/mongrel-1.1.5/lib/mongrel.rb:268:in `run'
    /usr/lib/ruby/gems/1.8/gems/mongrel-1.1.5/lib/mongrel/configurator.rb:282:in `run'
    /usr/lib/ruby/gems/1.8/gems/mongrel-1.1.5/lib/mongrel/configurator.rb:281:in `each'
    /usr/lib/ruby/gems/1.8/gems/mongrel-1.1.5/lib/mongrel/configurator.rb:281:in `run'
    /usr/lib/ruby/gems/1.8/gems/mongrel-1.1.5/bin/mongrel_rails:128:in `run'
    /usr/lib/ruby/gems/1.8/gems/mongrel-1.1.5/lib/mongrel/command.rb:212:in `run'
    /usr/lib/ruby/gems/1.8/gems/mongrel-1.1.5/bin/mongrel_rails:281
    /usr/lib/ruby/gems/1.8/gems/activesupport-2.1.1/lib/active_support/dependencies.rb:503:in `load'
    /usr/lib/ruby/gems/1.8/gems/activesupport-2.1.1/lib/active_support/dependencies.rb:503:in `load'
    /usr/lib/ruby/gems/1.8/gems/activesupport-2.1.1/lib/active_support/dependencies.rb:355:in `new_constants_in'
    /usr/lib/ruby/gems/1.8/gems/activesupport-2.1.1/lib/active_support/dependencies.rb:503:in `load'
    /usr/lib/ruby/gems/1.8/gems/rails-2.1.1/lib/commands/servers/mongrel.rb:64
    /usr/local/lib/site_ruby/1.8/rubygems/custom_require.rb:27:in `gem_original_require'
    /usr/local/lib/site_ruby/1.8/rubygems/custom_require.rb:27:in `require'
    /usr/lib/ruby/gems/1.8/gems/activesupport-2.1.1/lib/active_support/dependencies.rb:510:in `require'
    /usr/lib/ruby/gems/1.8/gems/activesupport-2.1.1/lib/active_support/dependencies.rb:355:in `new_constants_in'
    /usr/lib/ruby/gems/1.8/gems/activesupport-2.1.1/lib/active_support/dependencies.rb:510:in `require'
    /usr/lib/ruby/gems/1.8/gems/rails-2.1.1/lib/commands/server.rb:39
    /usr/local/lib/site_ruby/1.8/rubygems/custom_require.rb:27:in `gem_original_require'
    /usr/local/lib/site_ruby/1.8/rubygems/custom_require.rb:27:in `require'
    script/server:3

Rendering /usr/lib/ruby/gems/1.8/gems/actionpack-2.1.1/lib/action_controller/templates/rescues/layout.erb (internal_server_error)


Processing PlanGroupsController#show (for 127.0.1.1 at 2008-10-10 10:37:32) [GET]
  Session ID: BAh7BiIKZmxhc2hJQzonQWN0aW9uQ29udHJvbGxlcjo6Rmxhc2g6OkZsYXNo
SGFzaHsABjoKQHVzZWR7AA==--1be2344511a2cdbb122a4bc8a7be78dd18f2f6f7
  Parameters: {"action"=>"show", "id"=>"3", "controller"=>"plan_groups"}
  [4;35;1mPlanGroup Columns (0.000588)[0m   [0mSHOW FIELDS FROM `plan_groups`[0m
  [4;36;1mPlanGroup Load (0.000085)[0m   [0;1mSELECT * FROM `plan_groups` WHERE (`plan_groups`.`id` = 3) [0m
Rendering template within layouts/plans
Rendering plan_groups/show
  [4;35;1mPlan Load (0.000435)[0m   [0mSELECT * FROM `plans` WHERE (`plans`.plan_group = 3) [0m
  [4;36;1mPlan Columns (0.000884)[0m   [0;1mSHOW FIELDS FROM `plans`[0m
  [4;35;1mPhone Columns (0.001066)[0m   [0mSHOW FIELDS FROM `phones`[0m
  [4;36;1mSQL (0.000107)[0m   [0;1mSELECT count(*) AS count_all FROM `phones` INNER JOIN `phones_plans` ON `phones`.id = `phones_plans`.phone_id WHERE (`phones_plans`.plan_id = 8 ) [0m
  [4;35;1mCACHE (0.000000)[0m   [0mSELECT count(*) AS count_all FROM `phones` INNER JOIN `phones_plans` ON `phones`.id = `phones_plans`.phone_id WHERE (`phones_plans`.plan_id = 8 ) [0m
  [4;36;1mJoin Table Columns (0.000578)[0m   [0;1mSHOW FIELDS FROM `phones_plans`[0m
  [4;35;1mPhone Load (0.000186)[0m   [0mSELECT * FROM `phones` INNER JOIN `phones_plans` ON `phones`.id = `phones_plans`.phone_id WHERE (`phones_plans`.plan_id = 8 ) [0m
Completed in 0.10781 (9 reqs/sec) | Rendering: 0.09744 (90%) | DB: 0.00719 (6%) | 200 OK [http://isaac/plan_groups/show/3]


Processing PlanGroupsController#show (for 127.0.1.1 at 2008-10-10 10:38:35) [GET]
  Session ID: BAh7BiIKZmxhc2hJQzonQWN0aW9uQ29udHJvbGxlcjo6Rmxhc2g6OkZsYXNo
SGFzaHsABjoKQHVzZWR7AA==--1be2344511a2cdbb122a4bc8a7be78dd18f2f6f7
  Parameters: {"action"=>"show", "id"=>"3", "controller"=>"plan_groups"}
  [4;36;1mPlanGroup Columns (0.000715)[0m   [0;1mSHOW FIELDS FROM `plan_groups`[0m
  [4;35;1mPlanGroup Load (0.000066)[0m   [0mSELECT * FROM `plan_groups` WHERE (`plan_groups`.`id` = 3) [0m
Rendering template within layouts/plans
Rendering plan_groups/show
  [4;36;1mPlan Load (0.000133)[0m   [0;1mSELECT * FROM `plans` WHERE (`plans`.plan_group = 3) [0m
  [4;35;1mPlan Columns (0.000859)[0m   [0mSHOW FIELDS FROM `plans`[0m
  [4;36;1mPhone Columns (0.001086)[0m   [0;1mSHOW FIELDS FROM `phones`[0m
  [4;35;1mSQL (0.000092)[0m   [0mSELECT count(*) AS count_all FROM `phones` INNER JOIN `phones_plans` ON `phones`.id = `phones_plans`.phone_id WHERE (`phones_plans`.plan_id = 8 ) [0m
  [4;36;1mCACHE (0.000000)[0m   [0;1mSELECT count(*) AS count_all FROM `phones` INNER JOIN `phones_plans` ON `phones`.id = `phones_plans`.phone_id WHERE (`phones_plans`.plan_id = 8 ) [0m
  [4;35;1mJoin Table Columns (0.000557)[0m   [0mSHOW FIELDS FROM `phones_plans`[0m
  [4;36;1mPhone Load (0.000173)[0m   [0;1mSELECT * FROM `phones` INNER JOIN `phones_plans` ON `phones`.id = `phones_plans`.phone_id WHERE (`phones_plans`.plan_id = 8 ) [0m
Completed in 0.03925 (25 reqs/sec) | Rendering: 0.02850 (72%) | DB: 0.00368 (9%) | 200 OK [http://isaac/plan_groups/show/3]


Processing PlansController#edit (for 127.0.1.1 at 2008-10-10 10:38:43) [GET]
  Session ID: BAh7BiIKZmxhc2hJQzonQWN0aW9uQ29udHJvbGxlcjo6Rmxhc2g6OkZsYXNo
SGFzaHsABjoKQHVzZWR7AA==--1be2344511a2cdbb122a4bc8a7be78dd18f2f6f7
  Parameters: {"action"=>"edit", "id"=>"8", "controller"=>"plans"}
  [4;35;1mPlan Columns (0.000916)[0m   [0mSHOW FIELDS FROM `plans`[0m
  [4;36;1mPlan Load (0.000096)[0m   [0;1mSELECT * FROM `plans` WHERE (`plans`.`id` = 8) [0m
  [4;35;1mPhone Load (0.001038)[0m   [0mSELECT * FROM `phones` [0m
  [4;36;1mOption Load (0.000115)[0m   [0;1mSELECT * FROM `options` ORDER BY name ASC[0m
  [4;35;1mOption Columns (0.000626)[0m   [0mSHOW FIELDS FROM `options`[0m
Rendering template within layouts/plans
Rendering plans/edit
  [4;36;1mPhone Columns (0.001002)[0m   [0;1mSHOW FIELDS FROM `phones`[0m
  [4;35;1mPhonesPlans Columns (0.000558)[0m   [0mSHOW FIELDS FROM `phones_plans`[0m
  [4;36;1mPhonesPlans Load (0.000252)[0m   [0;1mSELECT * FROM `phones_plans` WHERE (`phones_plans`.`phone_id` = 1 AND `phones_plans`.`plan_id` = 8) LIMIT 1[0m
  [4;35;1mPhonesPlans Load (0.000254)[0m   [0mSELECT * FROM `phones_plans` WHERE (`phones_plans`.`phone_id` = 2 AND `phones_plans`.`plan_id` = 8) LIMIT 1[0m
  [4;36;1mPhonesPlans Load (0.000235)[0m   [0;1mSELECT * FROM `phones_plans` WHERE (`phones_plans`.`phone_id` = 3 AND `phones_plans`.`plan_id` = 8) LIMIT 1[0m
  [4;35;1mPhonesPlans Load (0.000232)[0m   [0mSELECT * FROM `phones_plans` WHERE (`phones_plans`.`phone_id` = 4 AND `phones_plans`.`plan_id` = 8) LIMIT 1[0m
  [4;36;1mPhonesPlans Load (0.000230)[0m   [0;1mSELECT * FROM `phones_plans` WHERE (`phones_plans`.`phone_id` = 5 AND `phones_plans`.`plan_id` = 8) LIMIT 1[0m
  [4;35;1mPhonesPlans Load (0.000239)[0m   [0mSELECT * FROM `phones_plans` WHERE (`phones_plans`.`phone_id` = 6 AND `phones_plans`.`plan_id` = 8) LIMIT 1[0m
  [4;36;1mPhonesPlans Load (0.000236)[0m   [0;1mSELECT * FROM `phones_plans` WHERE (`phones_plans`.`phone_id` = 7 AND `phones_plans`.`plan_id` = 8) LIMIT 1[0m
  [4;35;1mPhonesPlans Load (0.000233)[0m   [0mSELECT * FROM `phones_plans` WHERE (`phones_plans`.`phone_id` = 8 AND `phones_plans`.`plan_id` = 8) LIMIT 1[0m
  [4;36;1mPhonesPlans Load (0.000234)[0m   [0;1mSELECT * FROM `phones_plans` WHERE (`phones_plans`.`phone_id` = 11 AND `phones_plans`.`plan_id` = 8) LIMIT 1[0m
  [4;35;1mPhonesPlans Load (0.000310)[0m   [0mSELECT * FROM `phones_plans` WHERE (`phones_plans`.`phone_id` = 9 AND `phones_plans`.`plan_id` = 8) LIMIT 1[0m
  [4;36;1mPhonesPlans Load (0.000236)[0m   [0;1mSELECT * FROM `phones_plans` WHERE (`phones_plans`.`phone_id` = 10 AND `phones_plans`.`plan_id` = 8) LIMIT 1[0m
  [4;35;1mPhonesPlans Load (0.000232)[0m   [0mSELECT * FROM `phones_plans` WHERE (`phones_plans`.`phone_id` = 12 AND `phones_plans`.`plan_id` = 8) LIMIT 1[0m
  [4;36;1mPhonesPlans Load (0.000233)[0m   [0;1mSELECT * FROM `phones_plans` WHERE (`phones_plans`.`phone_id` = 13 AND `phones_plans`.`plan_id` = 8) LIMIT 1[0m
  [4;35;1mPhonesPlans Load (0.000245)[0m   [0mSELECT * FROM `phones_plans` WHERE (`phones_plans`.`phone_id` = 14 AND `phones_plans`.`plan_id` = 8) LIMIT 1[0m
  [4;36;1mPhonesPlans Load (0.000247)[0m   [0;1mSELECT * FROM `phones_plans` WHERE (`phones_plans`.`phone_id` = 15 AND `phones_plans`.`plan_id` = 8) LIMIT 1[0m
  [4;35;1mPhonesPlans Load (0.000261)[0m   [0mSELECT * FROM `phones_plans` WHERE (`phones_plans`.`phone_id` = 16 AND `phones_plans`.`plan_id` = 8) LIMIT 1[0m
  [4;36;1mPhonesPlans Load (0.000238)[0m   [0;1mSELECT * FROM `phones_plans` WHERE (`phones_plans`.`phone_id` = 17 AND `phones_plans`.`plan_id` = 8) LIMIT 1[0m
  [4;35;1mPhonesPlans Load (0.000247)[0m   [0mSELECT * FROM `phones_plans` WHERE (`phones_plans`.`phone_id` = 18 AND `phones_plans`.`plan_id` = 8) LIMIT 1[0m
  [4;36;1mPhonesPlans Load (0.000235)[0m   [0;1mSELECT * FROM `phones_plans` WHERE (`phones_plans`.`phone_id` = 19 AND `phones_plans`.`plan_id` = 8) LIMIT 1[0m
  [4;35;1mPhonesPlans Load (0.000232)[0m   [0mSELECT * FROM `phones_plans` WHERE (`phones_plans`.`phone_id` = 20 AND `phones_plans`.`plan_id` = 8) LIMIT 1[0m
  [4;36;1mPhonesPlans Load (0.000234)[0m   [0;1mSELECT * FROM `phones_plans` WHERE (`phones_plans`.`phone_id` = 21 AND `phones_plans`.`plan_id` = 8) LIMIT 1[0m
  [4;35;1mJoin Table Columns (0.000516)[0m   [0mSHOW FIELDS FROM `plans_options`[0m
  [4;36;1mOption Load (0.000090)[0m   [0;1mSELECT * FROM `options` INNER JOIN `plans_options` ON `options`.id = `plans_options`.option_id WHERE (`plans_options`.plan_id = 8 ) [0m
  [4;35;1mCharge Load (0.000108)[0m   [0mSELECT * FROM `charges` [0m
  [4;36;1mCharge Columns (0.000615)[0m   [0;1mSHOW FIELDS FROM `charges`[0m
  [4;35;1mJoin Table Columns (0.000504)[0m   [0mSHOW FIELDS FROM `charges_plans`[0m
  [4;36;1mCharge Load (0.000088)[0m   [0;1mSELECT * FROM `charges` INNER JOIN `charges_plans` ON `charges`.id = `charges_plans`.charge_id WHERE (`charges_plans`.plan_id = 8 ) [0m
Rendered plans/_form (0.04554)
Completed in 0.08153 (12 reqs/sec) | Rendering: 0.04872 (59%) | DB: 0.01137 (13%) | 200 OK [http://isaac/plans/edit/8]
